{"meta": {"format": 3, "version": "7.13.4", "timestamp": "2026-08-28T10:21:33.203605", "branch_coverage": true, "show_contexts": false}, "files": {"fiboa_cli/__init__.py": {"executed_lines": [1, 3, 5], "summary": {"covered_lines": 3, "num_statements": 3, "percent_covered": 100.0, "percent_covered_display": "100.00", "missing_lines": 0, "excluded_lines": 0, "percent_statements_covered": 100.0, "percent_statements_covered_display": "100.00", "num_branches": 0, "num_partial_branches": 0, "covered_branches": 0, "missing_branches": 0, "percent_branches_covered": 100.0, "percent_branches_covered_display": "100.00"}, "missing_lines": [], "excluded_lines": [], "executed_branches": [], "missing_branches": [], "functions": {"": {"executed_lines": [1, 3, 5], "summary": {"covered_lines": 3, "num_statements": 3, "percent_covered": 100.0, "percent_covered_display": "100.00", "missing_lines": 0, "excluded_lines": 0, "percent_statements_covered": 100.0, "percent_statements_covered_display": "100.00", "num_branches": 0, "num_partial_branches": 0, "covered_branches": 0, "missing_branches": 0, "percent_branches_covered": 100.0, "percent_branches_covered_display": "100.00"}, "missing_lines": [], "excluded_lines": [], "start_line": 1, "executed_branches": [], "missing_branches": []}}, "classes": {"": {"executed_lines": [1, 3, 5], "summary": {"covered_lines": 3, "num_statements": 3, "percent_covered": 100.0, "percent_covered_display": "100.00", "missing_lines": 0, "excluded_lines": 0, "percent_statements_covered": 100.0, "percent_statements_covered_display": "100.00", "num_branches": 0, "num_partial_branches": 0, "covered_branches": 0, "missing_branches": 0, "percent_branches_covered": 100.0, "percent_branches_covered_display": "100.00"}, "missing_lines": [], "excluded_lines": [], "start_line": 1, "executed_branches": [], "missing_branches": []}}}, "fiboa_cli/cli/__init__.py": {"executed_lines": [], "summary": {"covered_lines": 0, "num_statements": 0, "percent_covered": 100.0, "percent_covered_display": "100.00", "missing_lines": 0, "excluded_lines": 0, "percent_statements_covered": 100.0, "percent_statements_covered_display": "100.00", "num_branches": 0, "num_partial_branches": 0, "covered_branches": 0, "missing_branches": 0, "percent_branches_covered": 100.0, "percent_branches_covered_display": "100.00"}, "missing_lines": [], "excluded_lines": [], "executed_branches": [], "missing_branches": [], "functions": {"": {"executed_lines": [], "summary": {"covered_lines": 0, "num_statements": 0, "percent_covered": 100.0, "percent_covered_display": "100.00", "missing_lines": 0, "excluded_lines": 0, "percent_statements_covered": 100.0, "percent_statements_covered_display": "100.00", "num_branches": 0, "num_partial_branches": 0, "covered_branches": 0, "missing_branches": 0, "percent_branches_covered": 100.0, "percent_branches_covered_display": "100.00"}, "missing_lines": [], "excluded_lines": [], "start_line": 1, "executed_branches": [], "missing_branches": []}}, "classes": {"": {"executed_lines": [], "summary": {"covered_lines": 0, "num_statements": 0, "percent_covered": 100.0, "percent_covered_display": "100.00", "missing_lines": 0, "excluded_lines": 0, "percent_statements_covered": 100.0, "percent_statements_covered_display": "100.00", "num_branches": 0, "num_partial_branches": 0, "covered_branches": 0, "missing_branches": 0, "percent_branches_covered": 100.0, "percent_branches_covered_display": "100.00"}, "missing_lines": [], "excluded_lines": [], "start_line": 1, "executed_branches": [], "missing_branches": []}}}, "fiboa_cli/cli/setup.py": {"executed_lines": [], "summary": {"covered_lines": 0, "num_statements": 2, "percent_covered": 0.0, "percent_covered_display": "0.00", "missing_lines": 2, "excluded_lines": 0, "percent_statements_covered": 0.0, "percent_statements_covered_display": "0.00", "num_branches": 0, "num_partial_branches": 0, "covered_branches": 0, "missing_branches": 0, "percent_branches_covered": 100.0, "percent_branches_covered_display": "100.00"}, "missing_lines": [1, 3], "excluded_lines": [], "executed_branches": [], "missing_branches": [], "functions": {"": {"executed_lines": [], "summary": {"covered_lines": 0, "num_statements": 2, "percent_covered": 0.0, "percent_covered_display": "0.00", "missing_lines": 2, "excluded_lines": 0, "percent_statements_covered": 0.0, "percent_statements_covered_display": "0.00", "num_branches": 0, "num_partial_branches": 0, "covered_branches": 0, "missing_branches": 0, "percent_branches_covered": 100.0, "percent_branches_covered_display": "100.00"}, "missing_lines": [1, 3], "excluded_lines": [], "start_line": 1, "executed_branches": [], "missing_branches": []}}, "classes": {"": {"executed_lines": [], "summary": {"covered_lines": 0, "num_statements": 2, "percent_covered": 0.0, "percent_covered_display": "0.00", "missing_lines": 2, "excluded_lines": 0, "percent_statements_covered": 0.0, "percent_statements_covered_display": "0.00", "num_branches": 0, "num_partial_branches": 0, "covered_branches": 0, "missing_branches": 0, "percent_branches_covered": 100.0, "percent_branches_covered_display": "100.00"}, "missing_lines": [1, 3], "excluded_lines": [], "start_line": 1, "executed_branches": [], "missing_branches": []}}}, "fiboa_cli/conversion/__init__.py": {"executed_lines": [], "summary": {"covered_lines": 0, "num_statements": 0, "percent_covered": 100.0, "percent_covered_display": "100.00", "missing_lines": 0, "excluded_lines": 0, "percent_statements_covered": 100.0, "percent_statements_covered_display": "100.00", "num_branches": 0, "num_partial_branches": 0, "covered_branches": 0, "missing_branches": 0, "percent_branches_covered": 100.0, "percent_branches_covered_display": "100.00"}, "missing_lines": [], "excluded_lines": [], "executed_branches": [], "missing_branches": [], "functions": {"": {"executed_lines": [], "summary": {"covered_lines": 0, "num_statements": 0, "percent_covered": 100.0, "percent_covered_display": "100.00", "missing_lines": 0, "excluded_lines": 0, "percent_statements_covered": 100.0, "percent_statements_covered_display": "100.00", "num_branches": 0, "num_partial_branches": 0, "covered_branches": 0, "missing_branches": 0, "percent_branches_covered": 100.0, "percent_branches_covered_display": "100.00"}, "missing_lines": [], "excluded_lines": [], "start_line": 1, "executed_branches": [], "missing_branches": []}}, "classes": {"": {"executed_lines": [], "summary": {"covered_lines": 0, "num_statements": 0, "percent_covered": 100.0, "percent_covered_display": "100.00", "missing_lines": 0, "excluded_lines": 0, "percent_statements_covered": 100.0, "percent_statements_covered_display": "100.00", "num_branches": 0, "num_partial_branches": 0, "covered_branches": 0, "missing_branches": 0, "percent_branches_covered": 100.0, "percent_branches_covered_display": "100.00"}, "missing_lines": [], "excluded_lines": [], "start_line": 1, "executed_branches": [], "missing_branches": []}}}, "fiboa_cli/conversion/convert_gml.py": {"executed_lines": [1, 3, 4, 7, 14, 34], "summary": {"covered_lines": 6, "num_statements": 21, "percent_covered": 25.925925925925927, "percent_covered_display": "25.93", "missing_lines": 15, "excluded_lines": 0, "percent_statements_covered": 28.571428571428573, "percent_statements_covered_display": "28.57", "num_branches": 6, "num_partial_branches": 1, "covered_branches": 1, "missing_branches": 5, "percent_branches_covered": 16.666666666666668, "percent_branches_covered_display": "16.67"}, "missing_lines": [15, 16, 17, 18, 20, 21, 23, 24, 26, 27, 28, 29, 30, 31, 33], "excluded_lines": [], "executed_branches": [[14, 34]], "missing_branches": [[14, 15], [23, 24], [23, 26], [27, 28], [27, 30]], "functions": {"gml_assure_columns": {"executed_lines": [14, 34], "summary": {"covered_lines": 2, "num_statements": 17, "percent_covered": 13.043478260869565, "percent_covered_display": "13.04", "missing_lines": 15, "excluded_lines": 0, "percent_statements_covered": 11.764705882352942, "percent_statements_covered_display": "11.76", "num_branches": 6, "num_partial_branches": 1, "covered_branches": 1, "missing_branches": 5, "percent_branches_covered": 16.666666666666668, "percent_branches_covered_display": "16.67"}, "missing_lines": [15, 16, 17, 18, 20, 21, 23, 24, 26, 27, 28, 29, 30, 31, 33], "excluded_lines": [], "start_line": 7, "executed_branches": [[14, 34]], "missing_branches": [[14, 15], [23, 24], [23, 26], [27, 28], [27, 30]]}, "": {"executed_lines": [1, 3, 4, 7], "summary": {"covered_lines": 4, "num_statements": 4, "percent_covered": 100.0, "percent_covered_display": "100.00", "missing_lines": 0, "excluded_lines": 0, "percent_statements_covered": 100.0, "percent_statements_covered_display": "100.00", "num_branches": 0, "num_partial_branches": 0, "covered_branches": 0, "missing_branches": 0, "percent_branches_covered": 100.0, "percent_branches_covered_display": "100.00"}, "missing_lines": [], "excluded_lines": [], "start_line": 1, "executed_branches": [], "missing_branches": []}}, "classes": {"": {"executed_lines": [1, 3, 4, 7, 14, 34], "summary": {"covered_lines": 6, "num_statements": 21, "percent_covered": 25.925925925925927, "percent_covered_display": "25.93", "missing_lines": 15, "excluded_lines": 0, "percent_statements_covered": 28.571428571428573, "percent_statements_covered_display": "28.57", "num_branches": 6, "num_partial_branches": 1, "covered_branches": 1, "missing_branches": 5, "percent_branches_covered": 16.666666666666668, "percent_branches_covered_display": "16.67"}, "missing_lines": [15, 16, 17, 18, 20, 21, 23, 24, 26, 27, 28, 29, 30, 31, 33], "excluded_lines": [], "start_line": 1, "executed_branches": [[14, 34]], "missing_branches": [[14, 15], [23, 24], [23, 26], [27, 28], [27, 30]]}}}, "fiboa_cli/conversion/converter_rest.py": {"executed_lines": [1, 2, 4, 5, 6, 9, 10, 11, 12, 13, 15, 18, 26, 28, 33, 35, 36, 38, 39], "summary": {"covered_lines": 19, "num_statements": 60, "percent_covered": 28.37837837837838, "percent_covered_display": "28.38", "missing_lines": 41, "excluded_lines": 0, "percent_statements_covered": 31.666666666666668, "percent_statements_covered_display": "31.67", "num_branches": 14, "num_partial_branches": 2, "covered_branches": 2, "missing_branches": 12, "percent_branches_covered": 14.285714285714286, "percent_branches_covered_display": "14.29"}, "missing_lines": [16, 19, 24, 29, 30, 41, 42, 43, 45, 46, 47, 48, 49, 56, 57, 58, 59, 60, 61, 62, 65, 66, 67, 68, 69, 71, 72, 73, 74, 76, 77, 78, 80, 81, 82, 83, 87, 95, 97, 99, 100], "excluded_lines": [], "executed_branches": [[28, 33], [36, 38]], "missing_branches": [[28, 29], [36, 41], [61, 62], [61, 76], [65, 66], [65, 74], [71, 72], [71, 73], [80, 81], [80, 82], [99, 58], [99, 100]], "functions": {"EsriRESTConverterMixin.rest_layer_filter": {"executed_lines": [], "summary": {"covered_lines": 0, "num_statements": 1, "percent_covered": 0.0, "percent_covered_display": "0.00", "missing_lines": 1, "excluded_lines": 0, "percent_statements_covered": 0.0, "percent_statements_covered_display": "0.00", "num_branches": 0, "num_partial_branches": 0, "covered_branches": 0, "missing_branches": 0, "percent_branches_covered": 100.0, "percent_branches_covered_display": "100.00"}, "missing_lines": [16], "excluded_lines": [], "start_line": 15, "executed_branches": [], "missing_branches": []}, "EsriRESTConverterMixin.get_urls": {"executed_lines": [], "summary": {"covered_lines": 0, "num_statements": 2, "percent_covered": 0.0, "percent_covered_display": "0.00", "missing_lines": 2, "excluded_lines": 0, "percent_statements_covered": 0.0, "percent_statements_covered_display": "0.00", "num_branches": 0, "num_partial_branches": 0, "covered_branches": 0, "missing_branches": 0, "percent_branches_covered": 100.0, "percent_branches_covered_display": "100.00"}, "missing_lines": [19, 24], "excluded_lines": [], "start_line": 18, "executed_branches": [], "missing_branches": []}, "EsriRESTConverterMixin.download_files": {"executed_lines": [28, 33], "summary": {"covered_lines": 2, "num_statements": 4, "percent_covered": 50.0, "percent_covered_display": "50.00", "missing_lines": 2, "excluded_lines": 0, "percent_statements_covered": 50.0, "percent_statements_covered_display": "50.00", "num_branches": 2, "num_partial_branches": 1, "covered_branches": 1, "missing_branches": 1, "percent_branches_covered": 50.0, "percent_branches_covered_display": "50.00"}, "missing_lines": [29, 30], "excluded_lines": [], "start_line": 26, "executed_branches": [[28, 33]], "missing_branches": [[28, 29]]}, "EsriRESTConverterMixin.get_data": {"executed_lines": [36, 38, 39], "summary": {"covered_lines": 3, "num_statements": 39, "percent_covered": 7.8431372549019605, "percent_covered_display": "7.84", "missing_lines": 36, "excluded_lines": 0, "percent_statements_covered": 7.6923076923076925, "percent_statements_covered_display": "7.69", "num_branches": 12, "num_partial_branches": 1, "covered_branches": 1, "missing_branches": 11, "percent_branches_covered": 8.333333333333334, "percent_branches_covered_display": "8.33"}, "missing_lines": [41, 42, 43, 45, 46, 47, 48, 49, 56, 57, 58, 59, 60, 61, 62, 65, 66, 67, 68, 69, 71, 72, 73, 74, 76, 77, 78, 80, 81, 82, 83, 87, 95, 97, 99, 100], "excluded_lines": [], "start_line": 35, "executed_branches": [[36, 38]], "missing_branches": [[36, 41], [61, 62], [61, 76], [65, 66], [65, 74], [71, 72], [71, 73], [80, 81], [80, 82], [99, 58], [99, 100]]}, "": {"executed_lines": [1, 2, 4, 5, 6, 9, 10, 11, 12, 13, 15, 18, 26, 35], "summary": {"covered_lines": 14, "num_statements": 14, "percent_covered": 100.0, "percent_covered_display": "100.00", "missing_lines": 0, "excluded_lines": 0, "percent_statements_covered": 100.0, "percent_statements_covered_display": "100.00", "num_branches": 0, "num_partial_branches": 0, "covered_branches": 0, "missing_branches": 0, "percent_branches_covered": 100.0, "percent_branches_covered_display": "100.00"}, "missing_lines": [], "excluded_lines": [], "start_line": 1, "executed_branches": [], "missing_branches": []}}, "classes": {"EsriRESTConverterMixin": {"executed_lines": [28, 33, 36, 38, 39], "summary": {"covered_lines": 5, "num_statements": 46, "percent_covered": 11.666666666666666, "percent_covered_display": "11.67", "missing_lines": 41, "excluded_lines": 0, "percent_statements_covered": 10.869565217391305, "percent_statements_covered_display": "10.87", "num_branches": 14, "num_partial_branches": 2, "covered_branches": 2, "missing_branches": 12, "percent_branches_covered": 14.285714285714286, "percent_branches_covered_display": "14.29"}, "missing_lines": [16, 19, 24, 29, 30, 41, 42, 43, 45, 46, 47, 48, 49, 56, 57, 58, 59, 60, 61, 62, 65, 66, 67, 68, 69, 71, 72, 73, 74, 76, 77, 78, 80, 81, 82, 83, 87, 95, 97, 99, 100], "excluded_lines": [], "start_line": 9, "executed_branches": [[28, 33], [36, 38]], "missing_branches": [[28, 29], [36, 41], [61, 62], [61, 76], [65, 66], [65, 74], [71, 72], [71, 73], [80, 81], [80, 82], [99, 58], [99, 100]]}, "": {"executed_lines": [1, 2, 4, 5, 6, 9, 10, 11, 12, 13, 15, 18, 26, 35], "summary": {"covered_lines": 14, "num_statements": 14, "percent_covered": 100.0, "percent_covered_display": "100.00", "missing_lines": 0, "excluded_lines": 0, "percent_statements_covered": 100.0, "percent_statements_covered_display": "100.00", "num_branches": 0, "num_partial_branches": 0, "covered_branches": 0, "missing_branches": 0, "percent_branches_covered": 100.0, "percent_branches_covered_display": "100.00"}, "missing_lines": [], "excluded_lines": [], "start_line": 1, "executed_branches": [], "missing_branches": []}}}, "fiboa_cli/conversion/duckdb.py": {"executed_lines": [1, 2, 3, 4, 6, 7, 8, 9, 10, 11, 12, 14, 20, 21, 32, 33, 37, 38, 40, 41, 42, 46, 47, 48, 50, 54, 55, 58, 59, 60, 61, 63, 69, 70, 71, 72, 73, 75, 76, 77, 78, 80, 81, 82, 86, 88, 91, 94, 95, 96, 97, 100, 102, 103, 104, 106, 107, 109, 111, 112, 113, 114, 133, 134, 136, 137, 138, 140, 141, 142, 147, 148, 151, 152, 153, 154, 155, 158, 159, 160, 161, 165, 167, 168, 169, 182, 185, 188, 190, 197, 198, 199, 200, 201, 203, 204, 208, 210, 212, 213, 215, 217, 221], "summary": {"covered_lines": 103, "num_statements": 117, "percent_covered": 79.88165680473372, "percent_covered_display": "79.88", "missing_lines": 14, "excluded_lines": 0, "percent_statements_covered": 88.03418803418803, "percent_statements_covered_display": "88.03", "num_branches": 52, "num_partial_branches": 18, "covered_branches": 32, "missing_branches": 20, "percent_branches_covered": 61.53846153846154, "percent_branches_covered_display": "61.54"}, "missing_lines": [43, 51, 52, 56, 62, 64, 65, 83, 87, 89, 92, 99, 218, 219], "excluded_lines": [], "executed_branches": [[32, 33], [42, 46], [47, 48], [50, 54], [55, 58], [59, 60], [61, 63], [71, 72], [71, 78], [72, 73], [72, 75], [76, 71], [76, 77], [82, 86], [86, 88], [88, 91], [91, 94], [95, 96], [95, 100], [96, 97], [106, 107], [147, 148], [152, 153], [159, 160], [159, 167], [160, 161], [160, 165], [168, 169], [199, 200], [199, 215], [201, 203], [210, 212]], "missing_branches": [[32, 37], [42, 43], [47, 50], [50, 51], [55, 56], [59, 64], [61, 62], [64, 65], [64, 69], [82, 83], [86, 87], [88, 89], [91, 92], [96, 99], [106, 109], [147, 151], [152, 158], [168, 182], [201, 210], [210, 213]], "functions": {"FiboaDuckDBBaseConverter.convert": {"executed_lines": [32, 33, 37, 38, 40, 41, 42, 46, 47, 48, 50, 54, 55, 58, 59, 60, 61, 63, 69, 70, 71, 72, 73, 75, 76, 77, 78, 80, 81, 82, 86, 88, 91, 94, 95, 96, 97, 100, 102, 103, 104, 106, 107, 109, 111, 112, 113, 114, 133, 134, 136, 137, 138, 140, 141, 142, 147, 148, 151, 152, 153, 154, 155, 158, 159, 160, 161, 165, 167, 168, 169, 182, 185, 188, 190, 197, 198, 199, 200, 201, 203, 204, 208, 210, 212, 213, 215, 217, 221], "summary": {"covered_lines": 89, "num_statements": 103, "percent_covered": 78.06451612903226, "percent_covered_display": "78.06", "missing_lines": 14, "excluded_lines": 0, "percent_statements_covered": 86.40776699029126, "percent_statements_covered_display": "86.41", "num_branches": 52, "num_partial_branches": 18, "covered_branches": 32, "missing_branches": 20, "percent_branches_covered": 61.53846153846154, "percent_branches_covered_display": "61.54"}, "missing_lines": [43, 51, 52, 56, 62, 64, 65, 83, 87, 89, 92, 99, 218, 219], "excluded_lines": [], "start_line": 21, "executed_branches": [[32, 33], [42, 46], [47, 48], [50, 54], [55, 58], [59, 60], [61, 63], [71, 72], [71, 78], [72, 73], [72, 75], [76, 71], [76, 77], [82, 86], [86, 88], [88, 91], [91, 94], [95, 96], [95, 100], [96, 97], [106, 107], [147, 148], [152, 153], [159, 160], [159, 167], [160, 161], [160, 165], [168, 169], [199, 200], [199, 215], [201, 203], [210, 212]], "missing_branches": [[32, 37], [42, 43], [47, 50], [50, 51], [55, 56], [59, 64], [61, 62], [64, 65], [64, 69], [82, 83], [86, 87], [88, 89], [91, 92], [96, 99], [106, 109], [147, 151], [152, 158], [168, 182], [201, 210], [210, 213]]}, "": {"executed_lines": [1, 2, 3, 4, 6, 7, 8, 9, 10, 11, 12, 14, 20, 21], "summary": {"covered_lines": 14, "num_statements": 14, "percent_covered": 100.0, "percent_covered_display": "100.00", "missing_lines": 0, "excluded_lines": 0, "percent_statements_covered": 100.0, "percent_statements_covered_display": "100.00", "num_branches": 0, "num_partial_branches": 0, "covered_branches": 0, "missing_branches": 0, "percent_branches_covered": 100.0, "percent_branches_covered_display": "100.00"}, "missing_lines": [], "excluded_lines": [], "start_line": 1, "executed_branches": [], "missing_branches": []}}, "classes": {"FiboaDuckDBBaseConverter": {"executed_lines": [32, 33, 37, 38, 40, 41, 42, 46, 47, 48, 50, 54, 55, 58, 59, 60, 61, 63, 69, 70, 71, 72, 73, 75, 76, 77, 78, 80, 81, 82, 86, 88, 91, 94, 95, 96, 97, 100, 102, 103, 104, 106, 107, 109, 111, 112, 113, 114, 133, 134, 136, 137, 138, 140, 141, 142, 147, 148, 151, 152, 153, 154, 155, 158, 159, 160, 161, 165, 167, 168, 169, 182, 185, 188, 190, 197, 198, 199, 200, 201, 203, 204, 208, 210, 212, 213, 215, 217, 221], "summary": {"covered_lines": 89, "num_statements": 103, "percent_covered": 78.06451612903226, "percent_covered_display": "78.06", "missing_lines": 14, "excluded_lines": 0, "percent_statements_covered": 86.40776699029126, "percent_statements_covered_display": "86.41", "num_branches": 52, "num_partial_branches": 18, "covered_branches": 32, "missing_branches": 20, "percent_branches_covered": 61.53846153846154, "percent_branches_covered_display": "61.54"}, "missing_lines": [43, 51, 52, 56, 62, 64, 65, 83, 87, 89, 92, 99, 218, 219], "excluded_lines": [], "start_line": 20, "executed_branches": [[32, 33], [42, 46], [47, 48], [50, 54], [55, 58], [59, 60], [61, 63], [71, 72], [71, 78], [72, 73], [72, 75], [76, 71], [76, 77], [82, 86], [86, 88], [88, 91], [91, 94], [95, 96], [95, 100], [96, 97], [106, 107], [147, 148], [152, 153], [159, 160], [159, 167], [160, 161], [160, 165], [168, 169], [199, 200], [199, 215], [201, 203], [210, 212]], "missing_branches": [[32, 37], [42, 43], [47, 50], [50, 51], [55, 56], [59, 64], [61, 62], [64, 65], [64, 69], [82, 83], [86, 87], [88, 89], [91, 92], [96, 99], [106, 109], [147, 151], [152, 158], [168, 182], [201, 210], [210, 213]]}, "": {"executed_lines": [1, 2, 3, 4, 6, 7, 8, 9, 10, 11, 12, 14, 20, 21], "summary": {"covered_lines": 14, "num_statements": 14, "percent_covered": 100.0, "percent_covered_display": "100.00", "missing_lines": 0, "excluded_lines": 0, "percent_statements_covered": 100.0, "percent_statements_covered_display": "100.00", "num_branches": 0, "num_partial_branches": 0, "covered_branches": 0, "missing_branches": 0, "percent_branches_covered": 100.0, "percent_branches_covered_display": "100.00"}, "missing_lines": [], "excluded_lines": [], "start_line": 1, "executed_branches": [], "missing_branches": []}}}, "fiboa_cli/conversion/fiboa_converter.py": {"executed_lines": [1, 2, 4, 6, 9, 12, 13, 14, 15, 17, 19, 20, 21, 22, 25, 27, 28, 31, 32, 33, 34, 35, 36, 48, 49, 51, 54, 56, 57, 58, 62, 63, 65, 67, 68, 69], "summary": {"covered_lines": 36, "num_statements": 41, "percent_covered": 86.88524590163935, "percent_covered_display": "86.89", "missing_lines": 5, "excluded_lines": 0, "percent_statements_covered": 87.8048780487805, "percent_statements_covered_display": "87.80", "num_branches": 20, "num_partial_branches": 1, "covered_branches": 17, "missing_branches": 3, "percent_branches_covered": 85.0, "percent_branches_covered_display": "85.00"}, "missing_lines": [37, 38, 39, 43, 46], "excluded_lines": [], "executed_branches": [[22, -19], [22, 25], [31, 32], [31, 48], [32, 31], [32, 33], [34, 32], [34, 35], [36, 32], [49, 51], [49, 63], [56, 57], [56, 62], [63, 65], [63, 67], [67, 68], [67, 69]], "missing_branches": [[36, 37], [38, 39], [38, 43]], "functions": {"FiboaBaseConverter.__init__": {"executed_lines": [20, 21, 22, 25], "summary": {"covered_lines": 4, "num_statements": 4, "percent_covered": 100.0, "percent_covered_display": "100.00", "missing_lines": 0, "excluded_lines": 0, "percent_statements_covered": 100.0, "percent_statements_covered_display": "100.00", "num_branches": 2, "num_partial_branches": 0, "covered_branches": 2, "missing_branches": 0, "percent_branches_covered": 100.0, "percent_branches_covered_display": "100.00"}, "missing_lines": [], "excluded_lines": [], "start_line": 19, "executed_branches": [[22, -19], [22, 25]], "missing_branches": []}, "FiboaBaseConverter.post_migrate": {"executed_lines": [28, 31, 32, 33, 34, 35, 36, 48, 49, 51, 54, 56, 57, 58, 62, 63, 65, 67, 68, 69], "summary": {"covered_lines": 20, "num_statements": 25, "percent_covered": 81.3953488372093, "percent_covered_display": "81.40", "missing_lines": 5, "excluded_lines": 0, "percent_statements_covered": 80.0, "percent_statements_covered_display": "80.00", "num_branches": 18, "num_partial_branches": 1, "covered_branches": 15, "missing_branches": 3, "percent_branches_covered": 83.33333333333333, "percent_branches_covered_display": "83.33"}, "missing_lines": [37, 38, 39, 43, 46], "excluded_lines": [], "start_line": 27, "executed_branches": [[31, 32], [31, 48], [32, 31], [32, 33], [34, 32], [34, 35], [36, 32], [49, 51], [49, 63], [56, 57], [56, 62], [63, 65], [63, 67], [67, 68], [67, 69]], "missing_branches": [[36, 37], [38, 39], [38, 43]]}, "": {"executed_lines": [1, 2, 4, 6, 9, 12, 13, 14, 15, 17, 19, 27], "summary": {"covered_lines": 12, "num_statements": 12, "percent_covered": 100.0, "percent_covered_display": "100.00", "missing_lines": 0, "excluded_lines": 0, "percent_statements_covered": 100.0, "percent_statements_covered_display": "100.00", "num_branches": 0, "num_partial_branches": 0, "covered_branches": 0, "missing_branches": 0, "percent_branches_covered": 100.0, "percent_branches_covered_display": "100.00"}, "missing_lines": [], "excluded_lines": [], "start_line": 1, "executed_branches": [], "missing_branches": []}}, "classes": {"FiboaBaseConverter": {"executed_lines": [20, 21, 22, 25, 28, 31, 32, 33, 34, 35, 36, 48, 49, 51, 54, 56, 57, 58, 62, 63, 65, 67, 68, 69], "summary": {"covered_lines": 24, "num_statements": 29, "percent_covered": 83.6734693877551, "percent_covered_display": "83.67", "missing_lines": 5, "excluded_lines": 0, "percent_statements_covered": 82.75862068965517, "percent_statements_covered_display": "82.76", "num_branches": 20, "num_partial_branches": 1, "covered_branches": 17, "missing_branches": 3, "percent_branches_covered": 85.0, "percent_branches_covered_display": "85.00"}, "missing_lines": [37, 38, 39, 43, 46], "excluded_lines": [], "start_line": 12, "executed_branches": [[22, -19], [22, 25], [31, 32], [31, 48], [32, 31], [32, 33], [34, 32], [34, 35], [36, 32], [49, 51], [49, 63], [56, 57], [56, 62], [63, 65], [63, 67], [67, 68], [67, 69]], "missing_branches": [[36, 37], [38, 39], [38, 43]]}, "": {"executed_lines": [1, 2, 4, 6, 9, 12, 13, 14, 15, 17, 19, 27], "summary": {"covered_lines": 12, "num_statements": 12, "percent_covered": 100.0, "percent_covered_display": "100.00", "missing_lines": 0, "excluded_lines": 0, "percent_statements_covered": 100.0, "percent_statements_covered_display": "100.00", "num_branches": 0, "num_partial_branches": 0, "covered_branches": 0, "missing_branches": 0, "percent_branches_covered": 100.0, "percent_branches_covered_display": "100.00"}, "missing_lines": [], "excluded_lines": [], "start_line": 1, "executed_branches": [], "missing_branches": []}}}, "fiboa_cli/conversion/hilbert.py": {"executed_lines": [10, 12, 14, 17, 24, 26, 27, 28, 31, 32, 33, 34, 35, 36, 37, 38, 39, 40, 41, 43, 46, 52, 54, 55, 56, 57], "summary": {"covered_lines": 26, "num_statements": 28, "percent_covered": 88.23529411764706, "percent_covered_display": "88.24", "missing_lines": 2, "excluded_lines": 0, "percent_statements_covered": 92.85714285714286, "percent_statements_covered_display": "92.86", "num_branches": 6, "num_partial_branches": 2, "covered_branches": 4, "missing_branches": 2, "percent_branches_covered": 66.66666666666667, "percent_branches_covered_display": "66.67"}, "missing_lines": [29, 42], "excluded_lines": [], "executed_branches": [[28, 31], [32, 33], [32, 34], [41, 43]], "missing_branches": [[28, 29], [41, 42]], "functions": {"crs_total_bounds": {"executed_lines": [24, 26, 27, 28, 31, 32, 33, 34, 35, 36, 37, 38, 39, 40, 41, 43], "summary": {"covered_lines": 16, "num_statements": 18, "percent_covered": 83.33333333333333, "percent_covered_display": "83.33", "missing_lines": 2, "excluded_lines": 0, "percent_statements_covered": 88.88888888888889, "percent_statements_covered_display": "88.89", "num_branches": 6, "num_partial_branches": 2, "covered_branches": 4, "missing_branches": 2, "percent_branches_covered": 66.66666666666667, "percent_branches_covered_display": "66.67"}, "missing_lines": [29, 42], "excluded_lines": [], "start_line": 17, "executed_branches": [[28, 31], [32, 33], [32, 34], [41, 43]], "missing_branches": [[28, 29], [41, 42]]}, "hilbert_distances_from_bounds": {"executed_lines": [52, 54, 55, 56, 57], "summary": {"covered_lines": 5, "num_statements": 5, "percent_covered": 100.0, "percent_covered_display": "100.00", "missing_lines": 0, "excluded_lines": 0, "percent_statements_covered": 100.0, "percent_statements_covered_display": "100.00", "num_branches": 0, "num_partial_branches": 0, "covered_branches": 0, "missing_branches": 0, "percent_branches_covered": 100.0, "percent_branches_covered_display": "100.00"}, "missing_lines": [], "excluded_lines": [], "start_line": 46, "executed_branches": [], "missing_branches": []}, "": {"executed_lines": [10, 12, 14, 17, 46], "summary": {"covered_lines": 5, "num_statements": 5, "percent_covered": 100.0, "percent_covered_display": "100.00", "missing_lines": 0, "excluded_lines": 0, "percent_statements_covered": 100.0, "percent_statements_covered_display": "100.00", "num_branches": 0, "num_partial_branches": 0, "covered_branches": 0, "missing_branches": 0, "percent_branches_covered": 100.0, "percent_branches_covered_display": "100.00"}, "missing_lines": [], "excluded_lines": [], "start_line": 1, "executed_branches": [], "missing_branches": []}}, "classes": {"": {"executed_lines": [10, 12, 14, 17, 24, 26, 27, 28, 31, 32, 33, 34, 35, 36, 37, 38, 39, 40, 41, 43, 46, 52, 54, 55, 56, 57], "summary": {"covered_lines": 26, "num_statements": 28, "percent_covered": 88.23529411764706, "percent_covered_display": "88.24", "missing_lines": 2, "excluded_lines": 0, "percent_statements_covered": 92.85714285714286, "percent_statements_covered_display": "92.86", "num_branches": 6, "num_partial_branches": 2, "covered_branches": 4, "missing_branches": 2, "percent_branches_covered": 66.66666666666667, "percent_branches_covered_display": "66.67"}, "missing_lines": [29, 42], "excluded_lines": [], "start_line": 1, "executed_branches": [[28, 31], [32, 33], [32, 34], [41, 43]], "missing_branches": [[28, 29], [41, 42]]}}}, "fiboa_cli/conversion/per_file.py": {"executed_lines": [1, 2, 3, 5, 6, 7, 9, 11, 12, 17, 18, 30, 31, 32, 33, 34, 41, 42, 55, 56, 57, 58, 59, 64, 65, 76, 84, 86, 113, 114, 116, 117, 121, 122, 123, 125, 126, 127, 128, 129, 130, 131, 132, 133, 137, 138, 139, 140, 141, 142, 143, 144, 145, 146, 151, 152, 153, 157, 158, 159, 161, 162, 163, 171, 172, 173, 174, 176, 180, 181, 182, 183, 186, 187, 191, 192, 194, 195, 196, 208, 209, 215, 217, 218, 219, 220, 224, 230, 236, 237, 238, 246, 248, 249, 250, 253, 254, 255, 256, 257, 259, 260, 263, 277, 278, 279, 282, 284, 285, 286, 287, 288, 290, 291, 294, 303, 304, 305, 306, 307, 308, 309, 310, 312, 313, 316, 328, 329, 330, 332, 333, 334, 336, 338, 339, 340, 341, 342, 343, 344, 345, 347, 348, 349, 350, 352, 353, 355, 356, 358, 360, 361, 362, 366, 368, 369, 370, 371, 372, 373, 375, 376, 377, 378, 383, 388, 389, 390, 391, 393], "summary": {"covered_lines": 170, "num_statements": 188, "percent_covered": 84.10852713178295, "percent_covered_display": "84.11", "missing_lines": 18, "excluded_lines": 0, "percent_statements_covered": 90.42553191489361, "percent_statements_covered_display": "90.43", "num_branches": 70, "num_partial_branches": 21, "covered_branches": 47, "missing_branches": 23, "percent_branches_covered": 67.14285714285714, "percent_branches_covered_display": "67.14"}, "missing_lines": [36, 37, 38, 60, 63, 154, 210, 221, 222, 283, 289, 311, 346, 357, 374, 380, 381, 386], "excluded_lines": [], "executed_branches": [[32, 33], [41, 42], [41, 55], [56, 57], [56, 76], [59, 64], [113, 114], [113, 121], [116, 117], [121, 122], [121, 123], [128, 129], [128, 130], [139, 140], [142, 143], [142, 161], [145, 146], [145, 151], [153, 157], [157, 158], [162, 163], [182, 183], [182, 191], [183, 186], [191, 192], [209, 215], [217, 218], [218, 219], [218, 224], [236, 237], [236, 246], [282, 284], [288, 290], [306, 307], [308, 309], [310, 312], [345, 347], [352, 353], [352, 355], [356, 358], [361, 362], [361, 393], [370, 371], [370, 383], [373, 375], [377, 378], [383, 388]], "missing_branches": [[32, 36], [37, 38], [37, 41], [59, 60], [116, 121], [139, 141], [153, 154], [157, 159], [162, 171], [183, 182], [191, 194], [209, 210], [217, 224], [282, 283], [288, 289], [306, 308], [308, 310], [310, 311], [345, 346], [356, 357], [373, 374], [377, 380], [383, 386]], "functions": {"PerFileBaseConverter.convert": {"executed_lines": [30, 31, 32, 33, 34, 41, 42, 55, 56, 57, 58, 59, 64, 65, 76, 84], "summary": {"covered_lines": 16, "num_statements": 21, "percent_covered": 70.96774193548387, "percent_covered_display": "70.97", "missing_lines": 5, "excluded_lines": 0, "percent_statements_covered": 76.19047619047619, "percent_statements_covered_display": "76.19", "num_branches": 10, "num_partial_branches": 2, "covered_branches": 6, "missing_branches": 4, "percent_branches_covered": 60.0, "percent_branches_covered_display": "60.00"}, "missing_lines": [36, 37, 38, 60, 63], "excluded_lines": [], "start_line": 18, "executed_branches": [[32, 33], [41, 42], [41, 55], [56, 57], [56, 76], [59, 64]], "missing_branches": [[32, 36], [37, 38], [37, 41], [59, 60]]}, "PerFileBaseConverter.merge_files": {"executed_lines": [113, 114, 116, 117, 121, 122, 123, 125, 126, 127, 128, 129, 130, 131, 132, 133, 137, 138, 139, 140, 141, 142, 143, 144, 145, 146, 151, 152, 153, 157, 158, 159, 161, 162, 163, 171, 172, 173, 174, 176, 180, 181, 182, 183, 186, 187, 191, 192, 194, 195, 196, 208, 209, 215, 217, 218, 219, 220, 224], "summary": {"covered_lines": 59, "num_statements": 63, "percent_covered": 86.3157894736842, "percent_covered_display": "86.32", "missing_lines": 4, "excluded_lines": 0, "percent_statements_covered": 93.65079365079364, "percent_statements_covered_display": "93.65", "num_branches": 32, "num_partial_branches": 9, "covered_branches": 23, "missing_branches": 9, "percent_branches_covered": 71.875, "percent_branches_covered_display": "71.88"}, "missing_lines": [154, 210, 221, 222], "excluded_lines": [], "start_line": 86, "executed_branches": [[113, 114], [113, 121], [116, 117], [121, 122], [121, 123], [128, 129], [128, 130], [139, 140], [142, 143], [142, 161], [145, 146], [145, 151], [153, 157], [157, 158], [162, 163], [182, 183], [182, 191], [183, 186], [191, 192], [209, 215], [217, 218], [218, 219], [218, 224]], "missing_branches": [[116, 121], [139, 141], [153, 154], [157, 159], [162, 171], [183, 182], [191, 194], [209, 210], [217, 224]]}, "_bounds_array_for_table": {"executed_lines": [236, 237, 238, 246, 248, 249, 250], "summary": {"covered_lines": 7, "num_statements": 7, "percent_covered": 100.0, "percent_covered_display": "100.00", "missing_lines": 0, "excluded_lines": 0, "percent_statements_covered": 100.0, "percent_statements_covered_display": "100.00", "num_branches": 2, "num_partial_branches": 0, "covered_branches": 2, "missing_branches": 0, "percent_branches_covered": 100.0, "percent_branches_covered_display": "100.00"}, "missing_lines": [], "excluded_lines": [], "start_line": 230, "executed_branches": [[236, 237], [236, 246]], "missing_branches": []}, "_hilbert_keys_for_table": {"executed_lines": [254, 255, 256, 257, 259, 260], "summary": {"covered_lines": 6, "num_statements": 6, "percent_covered": 100.0, "percent_covered_display": "100.00", "missing_lines": 0, "excluded_lines": 0, "percent_statements_covered": 100.0, "percent_statements_covered_display": "100.00", "num_branches": 0, "num_partial_branches": 0, "covered_branches": 0, "missing_branches": 0, "percent_branches_covered": 100.0, "percent_branches_covered_display": "100.00"}, "missing_lines": [], "excluded_lines": [], "start_line": 253, "executed_branches": [], "missing_branches": []}, "_ensure_hilbert_sorted": {"executed_lines": [277, 278, 279, 282, 284, 285, 286, 287, 288, 290, 291], "summary": {"covered_lines": 11, "num_statements": 13, "percent_covered": 76.47058823529412, "percent_covered_display": "76.47", "missing_lines": 2, "excluded_lines": 0, "percent_statements_covered": 84.61538461538461, "percent_statements_covered_display": "84.62", "num_branches": 4, "num_partial_branches": 2, "covered_branches": 2, "missing_branches": 2, "percent_branches_covered": 50.0, "percent_branches_covered_display": "50.00"}, "missing_lines": [283, 289], "excluded_lines": [], "start_line": 263, "executed_branches": [[282, 284], [288, 290]], "missing_branches": [[282, 283], [288, 289]]}, "_build_output_schema": {"executed_lines": [303, 304, 305, 306, 307, 308, 309, 310, 312, 313], "summary": {"covered_lines": 10, "num_statements": 11, "percent_covered": 76.47058823529412, "percent_covered_display": "76.47", "missing_lines": 1, "excluded_lines": 0, "percent_statements_covered": 90.9090909090909, "percent_statements_covered_display": "90.91", "num_branches": 6, "num_partial_branches": 3, "covered_branches": 3, "missing_branches": 3, "percent_branches_covered": 50.0, "percent_branches_covered_display": "50.00"}, "missing_lines": [311], "excluded_lines": [], "start_line": 294, "executed_branches": [[306, 307], [308, 309], [310, 312]], "missing_branches": [[306, 308], [308, 310], [310, 311]]}, "_streaming_merge": {"executed_lines": [328, 329, 330, 332, 333, 334, 336, 352, 353, 355, 356, 358, 360, 361, 362, 366, 368, 369, 370, 371, 372, 373, 375, 376, 377, 378, 383, 388, 389, 390, 391, 393], "summary": {"covered_lines": 32, "num_statements": 37, "percent_covered": 82.3529411764706, "percent_covered_display": "82.35", "missing_lines": 5, "excluded_lines": 0, "percent_statements_covered": 86.48648648648648, "percent_statements_covered_display": "86.49", "num_branches": 14, "num_partial_branches": 4, "covered_branches": 10, "missing_branches": 4, "percent_branches_covered": 71.42857142857143, "percent_branches_covered_display": "71.43"}, "missing_lines": [357, 374, 380, 381, 386], "excluded_lines": [], "start_line": 316, "executed_branches": [[352, 353], [352, 355], [356, 358], [361, 362], [361, 393], [370, 371], [370, 383], [373, 375], [377, 378], [383, 388]], "missing_branches": [[356, 357], [373, 374], [377, 380], [383, 386]]}, "_streaming_merge.refill": {"executed_lines": [338, 339, 340, 341, 342, 343, 344, 345, 347, 348, 349, 350], "summary": {"covered_lines": 12, "num_statements": 13, "percent_covered": 86.66666666666667, "percent_covered_display": "86.67", "missing_lines": 1, "excluded_lines": 0, "percent_statements_covered": 92.3076923076923, "percent_statements_covered_display": "92.31", "num_branches": 2, "num_partial_branches": 1, "covered_branches": 1, "missing_branches": 1, "percent_branches_covered": 50.0, "percent_branches_covered_display": "50.00"}, "missing_lines": [346], "excluded_lines": [], "start_line": 336, "executed_branches": [[345, 347]], "missing_branches": [[345, 346]]}, "": {"executed_lines": [1, 2, 3, 5, 6, 7, 9, 11, 12, 17, 18, 86, 230, 253, 263, 294, 316], "summary": {"covered_lines": 17, "num_statements": 17, "percent_covered": 100.0, "percent_covered_display": "100.00", "missing_lines": 0, "excluded_lines": 0, "percent_statements_covered": 100.0, "percent_statements_covered_display": "100.00", "num_branches": 0, "num_partial_branches": 0, "covered_branches": 0, "missing_branches": 0, "percent_branches_covered": 100.0, "percent_branches_covered_display": "100.00"}, "missing_lines": [], "excluded_lines": [], "start_line": 1, "executed_branches": [], "missing_branches": []}}, "classes": {"PerFileBaseConverter": {"executed_lines": [30, 31, 32, 33, 34, 41, 42, 55, 56, 57, 58, 59, 64, 65, 76, 84, 113, 114, 116, 117, 121, 122, 123, 125, 126, 127, 128, 129, 130, 131, 132, 133, 137, 138, 139, 140, 141, 142, 143, 144, 145, 146, 151, 152, 153, 157, 158, 159, 161, 162, 163, 171, 172, 173, 174, 176, 180, 181, 182, 183, 186, 187, 191, 192, 194, 195, 196, 208, 209, 215, 217, 218, 219, 220, 224], "summary": {"covered_lines": 75, "num_statements": 84, "percent_covered": 82.53968253968254, "percent_covered_display": "82.54", "missing_lines": 9, "excluded_lines": 0, "percent_statements_covered": 89.28571428571429, "percent_statements_covered_display": "89.29", "num_branches": 42, "num_partial_branches": 11, "covered_branches": 29, "missing_branches": 13, "percent_branches_covered": 69.04761904761905, "percent_branches_covered_display": "69.05"}, "missing_lines": [36, 37, 38, 60, 63, 154, 210, 221, 222], "excluded_lines": [], "start_line": 17, "executed_branches": [[32, 33], [41, 42], [41, 55], [56, 57], [56, 76], [59, 64], [113, 114], [113, 121], [116, 117], [121, 122], [121, 123], [128, 129], [128, 130], [139, 140], [142, 143], [142, 161], [145, 146], [145, 151], [153, 157], [157, 158], [162, 163], [182, 183], [182, 191], [183, 186], [191, 192], [209, 215], [217, 218], [218, 219], [218, 224]], "missing_branches": [[32, 36], [37, 38], [37, 41], [59, 60], [116, 121], [139, 141], [153, 154], [157, 159], [162, 171], [183, 182], [191, 194], [209, 210], [217, 224]]}, "": {"executed_lines": [1, 2, 3, 5, 6, 7, 9, 11, 12, 17, 18, 86, 230, 236, 237, 238, 246, 248, 249, 250, 253, 254, 255, 256, 257, 259, 260, 263, 277, 278, 279, 282, 284, 285, 286, 287, 288, 290, 291, 294, 303, 304, 305, 306, 307, 308, 309, 310, 312, 313, 316, 328, 329, 330, 332, 333, 334, 336, 338, 339, 340, 341, 342, 343, 344, 345, 347, 348, 349, 350, 352, 353, 355, 356, 358, 360, 361, 362, 366, 368, 369, 370, 371, 372, 373, 375, 376, 377, 378, 383, 388, 389, 390, 391, 393], "summary": {"covered_lines": 95, "num_statements": 104, "percent_covered": 85.60606060606061, "percent_covered_display": "85.61", "missing_lines": 9, "excluded_lines": 0, "percent_statements_covered": 91.34615384615384, "percent_statements_covered_display": "91.35", "num_branches": 28, "num_partial_branches": 10, "covered_branches": 18, "missing_branches": 10, "percent_branches_covered": 64.28571428571429, "percent_branches_covered_display": "64.29"}, "missing_lines": [283, 289, 311, 346, 357, 374, 380, 381, 386], "excluded_lines": [], "start_line": 1, "executed_branches": [[236, 237], [236, 246], [282, 284], [288, 290], [306, 307], [308, 309], [310, 312], [345, 347], [352, 353], [352, 355], [356, 358], [361, 362], [361, 393], [370, 371], [370, 383], [373, 375], [377, 378], [383, 388]], "missing_branches": [[282, 283], [288, 289], [306, 308], [308, 310], [310, 311], [345, 346], [356, 357], [373, 374], [377, 380], [383, 386]]}}}, "fiboa_cli/convert.py": {"executed_lines": [1, 4, 5], "summary": {"covered_lines": 3, "num_statements": 3, "percent_covered": 100.0, "percent_covered_display": "100.00", "missing_lines": 0, "excluded_lines": 0, "percent_statements_covered": 100.0, "percent_statements_covered_display": "100.00", "num_branches": 0, "num_partial_branches": 0, "covered_branches": 0, "missing_branches": 0, "percent_branches_covered": 100.0, "percent_branches_covered_display": "100.00"}, "missing_lines": [], "excluded_lines": [], "executed_branches": [], "missing_branches": [], "functions": {"": {"executed_lines": [1, 4, 5], "summary": {"covered_lines": 3, "num_statements": 3, "percent_covered": 100.0, "percent_covered_display": "100.00", "missing_lines": 0, "excluded_lines": 0, "percent_statements_covered": 100.0, "percent_statements_covered_display": "100.00", "num_branches": 0, "num_partial_branches": 0, "covered_branches": 0, "missing_branches": 0, "percent_branches_covered": 100.0, "percent_branches_covered_display": "100.00"}, "missing_lines": [], "excluded_lines": [], "start_line": 1, "executed_branches": [], "missing_branches": []}}, "classes": {"ConvertData": {"executed_lines": [], "summary": {"covered_lines": 0, "num_statements": 0, "percent_covered": 100.0, "percent_covered_display": "100.00", "missing_lines": 0, "excluded_lines": 0, "percent_statements_covered": 100.0, "percent_statements_covered_display": "100.00", "num_branches": 0, "num_partial_branches": 0, "covered_branches": 0, "missing_branches": 0, "percent_branches_covered": 100.0, "percent_branches_covered_display": "100.00"}, "missing_lines": [], "excluded_lines": [], "start_line": 4, "executed_branches": [], "missing_branches": []}, "": {"executed_lines": [1, 4, 5], "summary": {"covered_lines": 3, "num_statements": 3, "percent_covered": 100.0, "percent_covered_display": "100.00", "missing_lines": 0, "excluded_lines": 0, "percent_statements_covered": 100.0, "percent_statements_covered_display": "100.00", "num_branches": 0, "num_partial_branches": 0, "covered_branches": 0, "missing_branches": 0, "percent_branches_covered": 100.0, "percent_branches_covered_display": "100.00"}, "missing_lines": [], "excluded_lines": [], "start_line": 1, "executed_branches": [], "missing_branches": []}}}, "fiboa_cli/converters.py": {"executed_lines": [1, 4, 5], "summary": {"covered_lines": 3, "num_statements": 3, "percent_covered": 100.0, "percent_covered_display": "100.00", "missing_lines": 0, "excluded_lines": 0, "percent_statements_covered": 100.0, "percent_statements_covered_display": "100.00", "num_branches": 0, "num_partial_branches": 0, "covered_branches": 0, "missing_branches": 0, "percent_branches_covered": 100.0, "percent_branches_covered_display": "100.00"}, "missing_lines": [], "excluded_lines": [], "executed_branches": [], "missing_branches": [], "functions": {"": {"executed_lines": [1, 4, 5], "summary": {"covered_lines": 3, "num_statements": 3, "percent_covered": 100.0, "percent_covered_display": "100.00", "missing_lines": 0, "excluded_lines": 0, "percent_statements_covered": 100.0, "percent_statements_covered_display": "100.00", "num_branches": 0, "num_partial_branches": 0, "covered_branches": 0, "missing_branches": 0, "percent_branches_covered": 100.0, "percent_branches_covered_display": "100.00"}, "missing_lines": [], "excluded_lines": [], "start_line": 1, "executed_branches": [], "missing_branches": []}}, "classes": {"Converters": {"executed_lines": [], "summary": {"covered_lines": 0, "num_statements": 0, "percent_covered": 100.0, "percent_covered_display": "100.00", "missing_lines": 0, "excluded_lines": 0, "percent_statements_covered": 100.0, "percent_statements_covered_display": "100.00", "num_branches": 0, "num_partial_branches": 0, "covered_branches": 0, "missing_branches": 0, "percent_branches_covered": 100.0, "percent_branches_covered_display": "100.00"}, "missing_lines": [], "excluded_lines": [], "start_line": 4, "executed_branches": [], "missing_branches": []}, "": {"executed_lines": [1, 4, 5], "summary": {"covered_lines": 3, "num_statements": 3, "percent_covered": 100.0, "percent_covered_display": "100.00", "missing_lines": 0, "excluded_lines": 0, "percent_statements_covered": 100.0, "percent_statements_covered_display": "100.00", "num_branches": 0, "num_partial_branches": 0, "covered_branches": 0, "missing_branches": 0, "percent_branches_covered": 100.0, "percent_branches_covered_display": "100.00"}, "missing_lines": [], "excluded_lines": [], "start_line": 1, "executed_branches": [], "missing_branches": []}}}, "fiboa_cli/create_geojson.py": {"executed_lines": [1, 4, 5], "summary": {"covered_lines": 3, "num_statements": 3, "percent_covered": 100.0, "percent_covered_display": "100.00", "missing_lines": 0, "excluded_lines": 0, "percent_statements_covered": 100.0, "percent_statements_covered_display": "100.00", "num_branches": 0, "num_partial_branches": 0, "covered_branches": 0, "missing_branches": 0, "percent_branches_covered": 100.0, "percent_branches_covered_display": "100.00"}, "missing_lines": [], "excluded_lines": [], "executed_branches": [], "missing_branches": [], "functions": {"": {"executed_lines": [1, 4, 5], "summary": {"covered_lines": 3, "num_statements": 3, "percent_covered": 100.0, "percent_covered_display": "100.00", "missing_lines": 0, "excluded_lines": 0, "percent_statements_covered": 100.0, "percent_statements_covered_display": "100.00", "num_branches": 0, "num_partial_branches": 0, "covered_branches": 0, "missing_branches": 0, "percent_branches_covered": 100.0, "percent_branches_covered_display": "100.00"}, "missing_lines": [], "excluded_lines": [], "start_line": 1, "executed_branches": [], "missing_branches": []}}, "classes": {"CreateGeoJson": {"executed_lines": [], "summary": {"covered_lines": 0, "num_statements": 0, "percent_covered": 100.0, "percent_covered_display": "100.00", "missing_lines": 0, "excluded_lines": 0, "percent_statements_covered": 100.0, "percent_statements_covered_display": "100.00", "num_branches": 0, "num_partial_branches": 0, "covered_branches": 0, "missing_branches": 0, "percent_branches_covered": 100.0, "percent_branches_covered_display": "100.00"}, "missing_lines": [], "excluded_lines": [], "start_line": 4, "executed_branches": [], "missing_branches": []}, "": {"executed_lines": [1, 4, 5], "summary": {"covered_lines": 3, "num_statements": 3, "percent_covered": 100.0, "percent_covered_display": "100.00", "missing_lines": 0, "excluded_lines": 0, "percent_statements_covered": 100.0, "percent_statements_covered_display": "100.00", "num_branches": 0, "num_partial_branches": 0, "covered_branches": 0, "missing_branches": 0, "percent_branches_covered": 100.0, "percent_branches_covered_display": "100.00"}, "missing_lines": [], "excluded_lines": [], "start_line": 1, "executed_branches": [], "missing_branches": []}}}, "fiboa_cli/create_geoparquet.py": {"executed_lines": [1, 4, 5], "summary": {"covered_lines": 3, "num_statements": 3, "percent_covered": 100.0, "percent_covered_display": "100.00", "missing_lines": 0, "excluded_lines": 0, "percent_statements_covered": 100.0, "percent_statements_covered_display": "100.00", "num_branches": 0, "num_partial_branches": 0, "covered_branches": 0, "missing_branches": 0, "percent_branches_covered": 100.0, "percent_branches_covered_display": "100.00"}, "missing_lines": [], "excluded_lines": [], "executed_branches": [], "missing_branches": [], "functions": {"": {"executed_lines": [1, 4, 5], "summary": {"covered_lines": 3, "num_statements": 3, "percent_covered": 100.0, "percent_covered_display": "100.00", "missing_lines": 0, "excluded_lines": 0, "percent_statements_covered": 100.0, "percent_statements_covered_display": "100.00", "num_branches": 0, "num_partial_branches": 0, "covered_branches": 0, "missing_branches": 0, "percent_branches_covered": 100.0, "percent_branches_covered_display": "100.00"}, "missing_lines": [], "excluded_lines": [], "start_line": 1, "executed_branches": [], "missing_branches": []}}, "classes": {"CreateGeoParquet": {"executed_lines": [], "summary": {"covered_lines": 0, "num_statements": 0, "percent_covered": 100.0, "percent_covered_display": "100.00", "missing_lines": 0, "excluded_lines": 0, "percent_statements_covered": 100.0, "percent_statements_covered_display": "100.00", "num_branches": 0, "num_partial_branches": 0, "covered_branches": 0, "missing_branches": 0, "percent_branches_covered": 100.0, "percent_branches_covered_display": "100.00"}, "missing_lines": [], "excluded_lines": [], "start_line": 4, "executed_branches": [], "missing_branches": []}, "": {"executed_lines": [1, 4, 5], "summary": {"covered_lines": 3, "num_statements": 3, "percent_covered": 100.0, "percent_covered_display": "100.00", "missing_lines": 0, "excluded_lines": 0, "percent_statements_covered": 100.0, "percent_statements_covered_display": "100.00", "num_branches": 0, "num_partial_branches": 0, "covered_branches": 0, "missing_branches": 0, "percent_branches_covered": 100.0, "percent_branches_covered_display": "100.00"}, "missing_lines": [], "excluded_lines": [], "start_line": 1, "executed_branches": [], "missing_branches": []}}}, "fiboa_cli/create_jsonschema.py": {"executed_lines": [1, 4, 5], "summary": {"covered_lines": 3, "num_statements": 3, "percent_covered": 100.0, "percent_covered_display": "100.00", "missing_lines": 0, "excluded_lines": 0, "percent_statements_covered": 100.0, "percent_statements_covered_display": "100.00", "num_branches": 0, "num_partial_branches": 0, "covered_branches": 0, "missing_branches": 0, "percent_branches_covered": 100.0, "percent_branches_covered_display": "100.00"}, "missing_lines": [], "excluded_lines": [], "executed_branches": [], "missing_branches": [], "functions": {"": {"executed_lines": [1, 4, 5], "summary": {"covered_lines": 3, "num_statements": 3, "percent_covered": 100.0, "percent_covered_display": "100.00", "missing_lines": 0, "excluded_lines": 0, "percent_statements_covered": 100.0, "percent_statements_covered_display": "100.00", "num_branches": 0, "num_partial_branches": 0, "covered_branches": 0, "missing_branches": 0, "percent_branches_covered": 100.0, "percent_branches_covered_display": "100.00"}, "missing_lines": [], "excluded_lines": [], "start_line": 1, "executed_branches": [], "missing_branches": []}}, "classes": {"CreateJsonSchema": {"executed_lines": [], "summary": {"covered_lines": 0, "num_statements": 0, "percent_covered": 100.0, "percent_covered_display": "100.00", "missing_lines": 0, "excluded_lines": 0, "percent_statements_covered": 100.0, "percent_statements_covered_display": "100.00", "num_branches": 0, "num_partial_branches": 0, "covered_branches": 0, "missing_branches": 0, "percent_branches_covered": 100.0, "percent_branches_covered_display": "100.00"}, "missing_lines": [], "excluded_lines": [], "start_line": 4, "executed_branches": [], "missing_branches": []}, "": {"executed_lines": [1, 4, 5], "summary": {"covered_lines": 3, "num_statements": 3, "percent_covered": 100.0, "percent_covered_display": "100.00", "missing_lines": 0, "excluded_lines": 0, "percent_statements_covered": 100.0, "percent_statements_covered_display": "100.00", "num_branches": 0, "num_partial_branches": 0, "covered_branches": 0, "missing_branches": 0, "percent_branches_covered": 100.0, "percent_branches_covered_display": "100.00"}, "missing_lines": [], "excluded_lines": [], "start_line": 1, "executed_branches": [], "missing_branches": []}}}, "fiboa_cli/create_stac.py": {"executed_lines": [1, 2, 3, 4, 5, 6, 8, 11, 12, 14, 15, 33, 34, 35, 36, 39, 40, 43, 44, 45, 47], "summary": {"covered_lines": 21, "num_statements": 22, "percent_covered": 95.45454545454545, "percent_covered_display": "95.45", "missing_lines": 1, "excluded_lines": 0, "percent_statements_covered": 95.45454545454545, "percent_statements_covered_display": "95.45", "num_branches": 0, "num_partial_branches": 0, "covered_branches": 0, "missing_branches": 0, "percent_branches_covered": 100.0, "percent_branches_covered_display": "100.00"}, "missing_lines": [16], "excluded_lines": [], "executed_branches": [], "missing_branches": [], "functions": {"CreateStacCollection.get_cli_args": {"executed_lines": [], "summary": {"covered_lines": 0, "num_statements": 1, "percent_covered": 0.0, "percent_covered_display": "0.00", "missing_lines": 1, "excluded_lines": 0, "percent_statements_covered": 0.0, "percent_statements_covered_display": "0.00", "num_branches": 0, "num_partial_branches": 0, "covered_branches": 0, "missing_branches": 0, "percent_branches_covered": 100.0, "percent_branches_covered_display": "100.00"}, "missing_lines": [16], "excluded_lines": [], "start_line": 15, "executed_branches": [], "missing_branches": []}, "CreateStacCollection.create": {"executed_lines": [34, 35, 36, 39, 40, 43, 44, 45, 47], "summary": {"covered_lines": 9, "num_statements": 9, "percent_covered": 100.0, "percent_covered_display": "100.00", "missing_lines": 0, "excluded_lines": 0, "percent_statements_covered": 100.0, "percent_statements_covered_display": "100.00", "num_branches": 0, "num_partial_branches": 0, "covered_branches": 0, "missing_branches": 0, "percent_branches_covered": 100.0, "percent_branches_covered_display": "100.00"}, "missing_lines": [], "excluded_lines": [], "start_line": 33, "executed_branches": [], "missing_branches": []}, "": {"executed_lines": [1, 2, 3, 4, 5, 6, 8, 11, 12, 14, 15, 33], "summary": {"covered_lines": 12, "num_statements": 12, "percent_covered": 100.0, "percent_covered_display": "100.00", "missing_lines": 0, "excluded_lines": 0, "percent_statements_covered": 100.0, "percent_statements_covered_display": "100.00", "num_branches": 0, "num_partial_branches": 0, "covered_branches": 0, "missing_branches": 0, "percent_branches_covered": 100.0, "percent_branches_covered_display": "100.00"}, "missing_lines": [], "excluded_lines": [], "start_line": 1, "executed_branches": [], "missing_branches": []}}, "classes": {"CreateStacCollection": {"executed_lines": [34, 35, 36, 39, 40, 43, 44, 45, 47], "summary": {"covered_lines": 9, "num_statements": 10, "percent_covered": 90.0, "percent_covered_display": "90.00", "missing_lines": 1, "excluded_lines": 0, "percent_statements_covered": 90.0, "percent_statements_covered_display": "90.00", "num_branches": 0, "num_partial_branches": 0, "covered_branches": 0, "missing_branches": 0, "percent_branches_covered": 100.0, "percent_branches_covered_display": "100.00"}, "missing_lines": [16], "excluded_lines": [], "start_line": 11, "executed_branches": [], "missing_branches": []}, "": {"executed_lines": [1, 2, 3, 4, 5, 6, 8, 11, 12, 14, 15, 33], "summary": {"covered_lines": 12, "num_statements": 12, "percent_covered": 100.0, "percent_covered_display": "100.00", "missing_lines": 0, "excluded_lines": 0, "percent_statements_covered": 100.0, "percent_statements_covered_display": "100.00", "num_branches": 0, "num_partial_branches": 0, "covered_branches": 0, "missing_branches": 0, "percent_branches_covered": 100.0, "percent_branches_covered_display": "100.00"}, "missing_lines": [], "excluded_lines": [], "start_line": 1, "executed_branches": [], "missing_branches": []}}}, "fiboa_cli/datasets/__init__.py": {"executed_lines": [], "summary": {"covered_lines": 0, "num_statements": 0, "percent_covered": 100.0, "percent_covered_display": "100.00", "missing_lines": 0, "excluded_lines": 0, "percent_statements_covered": 100.0, "percent_statements_covered_display": "100.00", "num_branches": 0, "num_partial_branches": 0, "covered_branches": 0, "missing_branches": 0, "percent_branches_covered": 100.0, "percent_branches_covered_display": "100.00"}, "missing_lines": [], "excluded_lines": [], "executed_branches": [], "missing_branches": [], "functions": {"": {"executed_lines": [], "summary": {"covered_lines": 0, "num_statements": 0, "percent_covered": 100.0, "percent_covered_display": "100.00", "missing_lines": 0, "excluded_lines": 0, "percent_statements_covered": 100.0, "percent_statements_covered_display": "100.00", "num_branches": 0, "num_partial_branches": 0, "covered_branches": 0, "missing_branches": 0, "percent_branches_covered": 100.0, "percent_branches_covered_display": "100.00"}, "missing_lines": [], "excluded_lines": [], "start_line": 1, "executed_branches": [], "missing_branches": []}}, "classes": {"": {"executed_lines": [], "summary": {"covered_lines": 0, "num_statements": 0, "percent_covered": 100.0, "percent_covered_display": "100.00", "missing_lines": 0, "excluded_lines": 0, "percent_statements_covered": 100.0, "percent_statements_covered_display": "100.00", "num_branches": 0, "num_partial_branches": 0, "covered_branches": 0, "missing_branches": 0, "percent_branches_covered": 100.0, "percent_branches_covered_display": "100.00"}, "missing_lines": [], "excluded_lines": [], "start_line": 1, "executed_branches": [], "missing_branches": []}}}, "fiboa_cli/datasets/ai4sf.py": {"executed_lines": [1, 3, 6, 7, 74, 75, 76, 78, 87, 88, 89, 91, 99, 100, 104, 109, 111, 114, 116], "summary": {"covered_lines": 19, "num_statements": 19, "percent_covered": 100.0, "percent_covered_display": "100.00", "missing_lines": 0, "excluded_lines": 0, "percent_statements_covered": 100.0, "percent_statements_covered_display": "100.00", "num_branches": 0, "num_partial_branches": 0, "covered_branches": 0, "missing_branches": 0, "percent_branches_covered": 100.0, "percent_branches_covered_display": "100.00"}, "missing_lines": [], "excluded_lines": [], "executed_branches": [], "missing_branches": [], "functions": {"Converter.migrate": {"executed_lines": [111, 114], "summary": {"covered_lines": 2, "num_statements": 2, "percent_covered": 100.0, "percent_covered_display": "100.00", "missing_lines": 0, "excluded_lines": 0, "percent_statements_covered": 100.0, "percent_statements_covered_display": "100.00", "num_branches": 0, "num_partial_branches": 0, "covered_branches": 0, "missing_branches": 0, "percent_branches_covered": 100.0, "percent_branches_covered_display": "100.00"}, "missing_lines": [], "excluded_lines": [], "start_line": 109, "executed_branches": [], "missing_branches": []}, "": {"executed_lines": [1, 3, 6, 7, 74, 75, 76, 78, 87, 88, 89, 91, 99, 100, 104, 109, 116], "summary": {"covered_lines": 17, "num_statements": 17, "percent_covered": 100.0, "percent_covered_display": "100.00", "missing_lines": 0, "excluded_lines": 0, "percent_statements_covered": 100.0, "percent_statements_covered_display": "100.00", "num_branches": 0, "num_partial_branches": 0, "covered_branches": 0, "missing_branches": 0, "percent_branches_covered": 100.0, "percent_branches_covered_display": "100.00"}, "missing_lines": [], "excluded_lines": [], "start_line": 1, "executed_branches": [], "missing_branches": []}}, "classes": {"Converter": {"executed_lines": [111, 114], "summary": {"covered_lines": 2, "num_statements": 2, "percent_covered": 100.0, "percent_covered_display": "100.00", "missing_lines": 0, "excluded_lines": 0, "percent_statements_covered": 100.0, "percent_statements_covered_display": "100.00", "num_branches": 0, "num_partial_branches": 0, "covered_branches": 0, "missing_branches": 0, "percent_branches_covered": 100.0, "percent_branches_covered_display": "100.00"}, "missing_lines": [], "excluded_lines": [], "start_line": 6, "executed_branches": [], "missing_branches": []}, "": {"executed_lines": [1, 3, 6, 7, 74, 75, 76, 78, 87, 88, 89, 91, 99, 100, 104, 109, 116], "summary": {"covered_lines": 17, "num_statements": 17, "percent_covered": 100.0, "percent_covered_display": "100.00", "missing_lines": 0, "excluded_lines": 0, "percent_statements_covered": 100.0, "percent_statements_covered_display": "100.00", "num_branches": 0, "num_partial_branches": 0, "covered_branches": 0, "missing_branches": 0, "percent_branches_covered": 100.0, "percent_branches_covered_display": "100.00"}, "missing_lines": [], "excluded_lines": [], "start_line": 1, "executed_branches": [], "missing_branches": []}}}, "fiboa_cli/datasets/at.py": {"executed_lines": [1, 3, 4, 7, 8, 19, 20, 21, 22, 23, 33, 34, 35, 43], "summary": {"covered_lines": 14, "num_statements": 14, "percent_covered": 100.0, "percent_covered_display": "100.00", "missing_lines": 0, "excluded_lines": 0, "percent_statements_covered": 100.0, "percent_statements_covered_display": "100.00", "num_branches": 0, "num_partial_branches": 0, "covered_branches": 0, "missing_branches": 0, "percent_branches_covered": 100.0, "percent_branches_covered_display": "100.00"}, "missing_lines": [], "excluded_lines": [], "executed_branches": [], "missing_branches": [], "functions": {"": {"executed_lines": [1, 3, 4, 7, 8, 19, 20, 21, 22, 23, 33, 34, 35, 43], "summary": {"covered_lines": 14, "num_statements": 14, "percent_covered": 100.0, "percent_covered_display": "100.00", "missing_lines": 0, "excluded_lines": 0, "percent_statements_covered": 100.0, "percent_statements_covered_display": "100.00", "num_branches": 0, "num_partial_branches": 0, "covered_branches": 0, "missing_branches": 0, "percent_branches_covered": 100.0, "percent_branches_covered_display": "100.00"}, "missing_lines": [], "excluded_lines": [], "start_line": 1, "executed_branches": [], "missing_branches": []}}, "classes": {"Converter": {"executed_lines": [], "summary": {"covered_lines": 0, "num_statements": 0, "percent_covered": 100.0, "percent_covered_display": "100.00", "missing_lines": 0, "excluded_lines": 0, "percent_statements_covered": 100.0, "percent_statements_covered_display": "100.00", "num_branches": 0, "num_partial_branches": 0, "covered_branches": 0, "missing_branches": 0, "percent_branches_covered": 100.0, "percent_branches_covered_display": "100.00"}, "missing_lines": [], "excluded_lines": [], "start_line": 7, "executed_branches": [], "missing_branches": []}, "": {"executed_lines": [1, 3, 4, 7, 8, 19, 20, 21, 22, 23, 33, 34, 35, 43], "summary": {"covered_lines": 14, "num_statements": 14, "percent_covered": 100.0, "percent_covered_display": "100.00", "missing_lines": 0, "excluded_lines": 0, "percent_statements_covered": 100.0, "percent_statements_covered_display": "100.00", "num_branches": 0, "num_partial_branches": 0, "covered_branches": 0, "missing_branches": 0, "percent_branches_covered": 100.0, "percent_branches_covered_display": "100.00"}, "missing_lines": [], "excluded_lines": [], "start_line": 1, "executed_branches": [], "missing_branches": []}}}, "fiboa_cli/datasets/at_block.py": {"executed_lines": [1, 3, 6, 7, 12, 13, 14, 15, 16, 23, 24, 25, 36, 37], "summary": {"covered_lines": 14, "num_statements": 14, "percent_covered": 100.0, "percent_covered_display": "100.00", "missing_lines": 0, "excluded_lines": 0, "percent_statements_covered": 100.0, "percent_statements_covered_display": "100.00", "num_branches": 0, "num_partial_branches": 0, "covered_branches": 0, "missing_branches": 0, "percent_branches_covered": 100.0, "percent_branches_covered_display": "100.00"}, "missing_lines": [], "excluded_lines": [], "executed_branches": [], "missing_branches": [], "functions": {"": {"executed_lines": [1, 3, 6, 7, 12, 13, 14, 15, 16, 23, 24, 25, 36, 37], "summary": {"covered_lines": 14, "num_statements": 14, "percent_covered": 100.0, "percent_covered_display": "100.00", "missing_lines": 0, "excluded_lines": 0, "percent_statements_covered": 100.0, "percent_statements_covered_display": "100.00", "num_branches": 0, "num_partial_branches": 0, "covered_branches": 0, "missing_branches": 0, "percent_branches_covered": 100.0, "percent_branches_covered_display": "100.00"}, "missing_lines": [], "excluded_lines": [], "start_line": 1, "executed_branches": [], "missing_branches": []}}, "classes": {"Converter": {"executed_lines": [], "summary": {"covered_lines": 0, "num_statements": 0, "percent_covered": 100.0, "percent_covered_display": "100.00", "missing_lines": 0, "excluded_lines": 0, "percent_statements_covered": 100.0, "percent_statements_covered_display": "100.00", "num_branches": 0, "num_partial_branches": 0, "covered_branches": 0, "missing_branches": 0, "percent_branches_covered": 100.0, "percent_branches_covered_display": "100.00"}, "missing_lines": [], "excluded_lines": [], "start_line": 6, "executed_branches": [], "missing_branches": []}, "": {"executed_lines": [1, 3, 6, 7, 12, 13, 14, 15, 16, 23, 24, 25, 36, 37], "summary": {"covered_lines": 14, "num_statements": 14, "percent_covered": 100.0, "percent_covered_display": "100.00", "missing_lines": 0, "excluded_lines": 0, "percent_statements_covered": 100.0, "percent_statements_covered_display": "100.00", "num_branches": 0, "num_partial_branches": 0, "covered_branches": 0, "missing_branches": 0, "percent_branches_covered": 100.0, "percent_branches_covered_display": "100.00"}, "missing_lines": [], "excluded_lines": [], "start_line": 1, "executed_branches": [], "missing_branches": []}}}, "fiboa_cli/datasets/be_vlg.py": {"executed_lines": [1, 3, 4, 6, 9, 10, 26, 27, 28, 29, 30, 35, 37, 38, 41, 48, 49, 53, 55, 65, 66, 68], "summary": {"covered_lines": 22, "num_statements": 25, "percent_covered": 79.3103448275862, "percent_covered_display": "79.31", "missing_lines": 3, "excluded_lines": 0, "percent_statements_covered": 88.0, "percent_statements_covered_display": "88.00", "num_branches": 4, "num_partial_branches": 1, "covered_branches": 1, "missing_branches": 3, "percent_branches_covered": 25.0, "percent_branches_covered_display": "25.00"}, "missing_lines": [50, 51, 52], "excluded_lines": [], "executed_branches": [[49, 53]], "missing_branches": [[49, 50], [51, 52], [51, 53]], "functions": {"Converter.migrate": {"executed_lines": [49, 53], "summary": {"covered_lines": 2, "num_statements": 5, "percent_covered": 33.333333333333336, "percent_covered_display": "33.33", "missing_lines": 3, "excluded_lines": 0, "percent_statements_covered": 40.0, "percent_statements_covered_display": "40.00", "num_branches": 4, "num_partial_branches": 1, "covered_branches": 1, "missing_branches": 3, "percent_branches_covered": 25.0, "percent_branches_covered_display": "25.00"}, "missing_lines": [50, 51, 52], "excluded_lines": [], "start_line": 48, "executed_branches": [[49, 53]], "missing_branches": [[49, 50], [51, 52], [51, 53]]}, "": {"executed_lines": [1, 3, 4, 6, 9, 10, 26, 27, 28, 29, 30, 35, 37, 38, 41, 48, 55, 65, 66, 68], "summary": {"covered_lines": 20, "num_statements": 20, "percent_covered": 100.0, "percent_covered_display": "100.00", "missing_lines": 0, "excluded_lines": 0, "percent_statements_covered": 100.0, "percent_statements_covered_display": "100.00", "num_branches": 0, "num_partial_branches": 0, "covered_branches": 0, "missing_branches": 0, "percent_branches_covered": 100.0, "percent_branches_covered_display": "100.00"}, "missing_lines": [], "excluded_lines": [], "start_line": 1, "executed_branches": [], "missing_branches": []}}, "classes": {"Converter": {"executed_lines": [49, 53], "summary": {"covered_lines": 2, "num_statements": 5, "percent_covered": 33.333333333333336, "percent_covered_display": "33.33", "missing_lines": 3, "excluded_lines": 0, "percent_statements_covered": 40.0, "percent_statements_covered_display": "40.00", "num_branches": 4, "num_partial_branches": 1, "covered_branches": 1, "missing_branches": 3, "percent_branches_covered": 25.0, "percent_branches_covered_display": "25.00"}, "missing_lines": [50, 51, 52], "excluded_lines": [], "start_line": 9, "executed_branches": [[49, 53]], "missing_branches": [[49, 50], [51, 52], [51, 53]]}, "": {"executed_lines": [1, 3, 4, 6, 9, 10, 26, 27, 28, 29, 30, 35, 37, 38, 41, 48, 55, 65, 66, 68], "summary": {"covered_lines": 20, "num_statements": 20, "percent_covered": 100.0, "percent_covered_display": "100.00", "missing_lines": 0, "excluded_lines": 0, "percent_statements_covered": 100.0, "percent_statements_covered_display": "100.00", "num_branches": 0, "num_partial_branches": 0, "covered_branches": 0, "missing_branches": 0, "percent_branches_covered": 100.0, "percent_branches_covered_display": "100.00"}, "missing_lines": [], "excluded_lines": [], "start_line": 1, "executed_branches": [], "missing_branches": []}}}, "fiboa_cli/datasets/be_wal.py": {"executed_lines": [1, 2, 4, 5, 6, 9, 10, 15, 16, 17, 18, 19, 31, 32, 33, 40, 41, 44, 46, 47, 49, 54, 57, 65], "summary": {"covered_lines": 24, "num_statements": 24, "percent_covered": 100.0, "percent_covered_display": "100.00", "missing_lines": 0, "excluded_lines": 0, "percent_statements_covered": 100.0, "percent_statements_covered_display": "100.00", "num_branches": 0, "num_partial_branches": 0, "covered_branches": 0, "missing_branches": 0, "percent_branches_covered": 100.0, "percent_branches_covered_display": "100.00"}, "missing_lines": [], "excluded_lines": [], "executed_branches": [], "missing_branches": [], "functions": {"Converter.layer_filter": {"executed_lines": [47], "summary": {"covered_lines": 1, "num_statements": 1, "percent_covered": 100.0, "percent_covered_display": "100.00", "missing_lines": 0, "excluded_lines": 0, "percent_statements_covered": 100.0, "percent_statements_covered_display": "100.00", "num_branches": 0, "num_partial_branches": 0, "covered_branches": 0, "missing_branches": 0, "percent_branches_covered": 100.0, "percent_branches_covered_display": "100.00"}, "missing_lines": [], "excluded_lines": [], "start_line": 46, "executed_branches": [], "missing_branches": []}, "Converter.file_migration": {"executed_lines": [57, 65], "summary": {"covered_lines": 2, "num_statements": 2, "percent_covered": 100.0, "percent_covered_display": "100.00", "missing_lines": 0, "excluded_lines": 0, "percent_statements_covered": 100.0, "percent_statements_covered_display": "100.00", "num_branches": 0, "num_partial_branches": 0, "covered_branches": 0, "missing_branches": 0, "percent_branches_covered": 100.0, "percent_branches_covered_display": "100.00"}, "missing_lines": [], "excluded_lines": [], "start_line": 54, "executed_branches": [], "missing_branches": []}, "": {"executed_lines": [1, 2, 4, 5, 6, 9, 10, 15, 16, 17, 18, 19, 31, 32, 33, 40, 41, 44, 46, 49, 54], "summary": {"covered_lines": 21, "num_statements": 21, "percent_covered": 100.0, "percent_covered_display": "100.00", "missing_lines": 0, "excluded_lines": 0, "percent_statements_covered": 100.0, "percent_statements_covered_display": "100.00", "num_branches": 0, "num_partial_branches": 0, "covered_branches": 0, "missing_branches": 0, "percent_branches_covered": 100.0, "percent_branches_covered_display": "100.00"}, "missing_lines": [], "excluded_lines": [], "start_line": 1, "executed_branches": [], "missing_branches": []}}, "classes": {"Converter": {"executed_lines": [47, 57, 65], "summary": {"covered_lines": 3, "num_statements": 3, "percent_covered": 100.0, "percent_covered_display": "100.00", "missing_lines": 0, "excluded_lines": 0, "percent_statements_covered": 100.0, "percent_statements_covered_display": "100.00", "num_branches": 0, "num_partial_branches": 0, "covered_branches": 0, "missing_branches": 0, "percent_branches_covered": 100.0, "percent_branches_covered_display": "100.00"}, "missing_lines": [], "excluded_lines": [], "start_line": 9, "executed_branches": [], "missing_branches": []}, "": {"executed_lines": [1, 2, 4, 5, 6, 9, 10, 15, 16, 17, 18, 19, 31, 32, 33, 40, 41, 44, 46, 49, 54], "summary": {"covered_lines": 21, "num_statements": 21, "percent_covered": 100.0, "percent_covered_display": "100.00", "missing_lines": 0, "excluded_lines": 0, "percent_statements_covered": 100.0, "percent_statements_covered_display": "100.00", "num_branches": 0, "num_partial_branches": 0, "covered_branches": 0, "missing_branches": 0, "percent_branches_covered": 100.0, "percent_branches_covered_display": "100.00"}, "missing_lines": [], "excluded_lines": [], "start_line": 1, "executed_branches": [], "missing_branches": []}}}, "fiboa_cli/datasets/bg.py": {"executed_lines": [1, 2, 4, 5, 8, 9, 13, 14, 15, 16, 17, 18, 23, 24, 31, 32, 34, 35, 36, 37, 38, 39], "summary": {"covered_lines": 22, "num_statements": 22, "percent_covered": 100.0, "percent_covered_display": "100.00", "missing_lines": 0, "excluded_lines": 0, "percent_statements_covered": 100.0, "percent_statements_covered_display": "100.00", "num_branches": 0, "num_partial_branches": 0, "covered_branches": 0, "missing_branches": 0, "percent_branches_covered": 100.0, "percent_branches_covered_display": "100.00"}, "missing_lines": [], "excluded_lines": [], "executed_branches": [], "missing_branches": [], "functions": {"BGConverter.migrate": {"executed_lines": [35, 36, 37, 38, 39], "summary": {"covered_lines": 5, "num_statements": 5, "percent_covered": 100.0, "percent_covered_display": "100.00", "missing_lines": 0, "excluded_lines": 0, "percent_statements_covered": 100.0, "percent_statements_covered_display": "100.00", "num_branches": 0, "num_partial_branches": 0, "covered_branches": 0, "missing_branches": 0, "percent_branches_covered": 100.0, "percent_branches_covered_display": "100.00"}, "missing_lines": [], "excluded_lines": [], "start_line": 34, "executed_branches": [], "missing_branches": []}, "": {"executed_lines": [1, 2, 4, 5, 8, 9, 13, 14, 15, 16, 17, 18, 23, 24, 31, 32, 34], "summary": {"covered_lines": 17, "num_statements": 17, "percent_covered": 100.0, "percent_covered_display": "100.00", "missing_lines": 0, "excluded_lines": 0, "percent_statements_covered": 100.0, "percent_statements_covered_display": "100.00", "num_branches": 0, "num_partial_branches": 0, "covered_branches": 0, "missing_branches": 0, "percent_branches_covered": 100.0, "percent_branches_covered_display": "100.00"}, "missing_lines": [], "excluded_lines": [], "start_line": 1, "executed_branches": [], "missing_branches": []}}, "classes": {"BGConverter": {"executed_lines": [35, 36, 37, 38, 39], "summary": {"covered_lines": 5, "num_statements": 5, "percent_covered": 100.0, "percent_covered_display": "100.00", "missing_lines": 0, "excluded_lines": 0, "percent_statements_covered": 100.0, "percent_statements_covered_display": "100.00", "num_branches": 0, "num_partial_branches": 0, "covered_branches": 0, "missing_branches": 0, "percent_branches_covered": 100.0, "percent_branches_covered_display": "100.00"}, "missing_lines": [], "excluded_lines": [], "start_line": 8, "executed_branches": [], "missing_branches": []}, "": {"executed_lines": [1, 2, 4, 5, 8, 9, 13, 14, 15, 16, 17, 18, 23, 24, 31, 32, 34], "summary": {"covered_lines": 17, "num_statements": 17, "percent_covered": 100.0, "percent_covered_display": "100.00", "missing_lines": 0, "excluded_lines": 0, "percent_statements_covered": 100.0, "percent_statements_covered_display": "100.00", "num_branches": 0, "num_partial_branches": 0, "covered_branches": 0, "missing_branches": 0, "percent_branches_covered": 100.0, "percent_branches_covered_display": "100.00"}, "missing_lines": [], "excluded_lines": [], "start_line": 1, "executed_branches": [], "missing_branches": []}}}, "fiboa_cli/datasets/br_ba_lem.py": {"executed_lines": [1, 3, 6, 7, 12, 13, 14, 15, 16, 17, 24, 25, 26, 27, 44, 65], "summary": {"covered_lines": 16, "num_statements": 16, "percent_covered": 100.0, "percent_covered_display": "100.00", "missing_lines": 0, "excluded_lines": 0, "percent_statements_covered": 100.0, "percent_statements_covered_display": "100.00", "num_branches": 0, "num_partial_branches": 0, "covered_branches": 0, "missing_branches": 0, "percent_branches_covered": 100.0, "percent_branches_covered_display": "100.00"}, "missing_lines": [], "excluded_lines": [], "executed_branches": [], "missing_branches": [], "functions": {"": {"executed_lines": [1, 3, 6, 7, 12, 13, 14, 15, 16, 17, 24, 25, 26, 27, 44, 65], "summary": {"covered_lines": 16, "num_statements": 16, "percent_covered": 100.0, "percent_covered_display": "100.00", "missing_lines": 0, "excluded_lines": 0, "percent_statements_covered": 100.0, "percent_statements_covered_display": "100.00", "num_branches": 0, "num_partial_branches": 0, "covered_branches": 0, "missing_branches": 0, "percent_branches_covered": 100.0, "percent_branches_covered_display": "100.00"}, "missing_lines": [], "excluded_lines": [], "start_line": 1, "executed_branches": [], "missing_branches": []}}, "classes": {"Converter": {"executed_lines": [], "summary": {"covered_lines": 0, "num_statements": 0, "percent_covered": 100.0, "percent_covered_display": "100.00", "missing_lines": 0, "excluded_lines": 0, "percent_statements_covered": 100.0, "percent_statements_covered_display": "100.00", "num_branches": 0, "num_partial_branches": 0, "covered_branches": 0, "missing_branches": 0, "percent_branches_covered": 100.0, "percent_branches_covered_display": "100.00"}, "missing_lines": [], "excluded_lines": [], "start_line": 6, "executed_branches": [], "missing_branches": []}, "": {"executed_lines": [1, 3, 6, 7, 12, 13, 14, 15, 16, 17, 24, 25, 26, 27, 44, 65], "summary": {"covered_lines": 16, "num_statements": 16, "percent_covered": 100.0, "percent_covered_display": "100.00", "missing_lines": 0, "excluded_lines": 0, "percent_statements_covered": 100.0, "percent_statements_covered_display": "100.00", "num_branches": 0, "num_partial_branches": 0, "covered_branches": 0, "missing_branches": 0, "percent_branches_covered": 100.0, "percent_branches_covered_display": "100.00"}, "missing_lines": [], "excluded_lines": [], "start_line": 1, "executed_branches": [], "missing_branches": []}}}, "fiboa_cli/datasets/br_conab.py": {"executed_lines": [1, 2, 4, 5, 7, 10, 11, 44, 47, 48, 49, 50, 60, 63, 64, 65, 73, 80, 90, 98, 104], "summary": {"covered_lines": 21, "num_statements": 38, "percent_covered": 50.0, "percent_covered_display": "50.00", "missing_lines": 17, "excluded_lines": 0, "percent_statements_covered": 55.26315789473684, "percent_statements_covered_display": "55.26", "num_branches": 4, "num_partial_branches": 0, "covered_branches": 0, "missing_branches": 4, "percent_branches_covered": 0.0, "percent_branches_covered_display": "0.00"}, "missing_lines": [81, 83, 84, 86, 87, 88, 91, 92, 93, 94, 95, 96, 100, 101, 105, 106, 107], "excluded_lines": [], "executed_branches": [], "missing_branches": [[86, 87], [86, 88], [105, 106], [105, 107]], "functions": {"Converter.file_migration": {"executed_lines": [], "summary": {"covered_lines": 0, "num_statements": 6, "percent_covered
[...]
vered": 100.0, "percent_branches_covered_display": "100.00"}, "missing_lines": [69, 72], "excluded_lines": [], "start_line": 68, "executed_branches": [], "missing_branches": []}, "Publish.get_cli_callback.callback": {"executed_lines": [], "summary": {"covered_lines": 0, "num_statements": 1, "percent_covered": 0.0, "percent_covered_display": "0.00", "missing_lines": 1, "excluded_lines": 0, "percent_statements_covered": 0.0, "percent_statements_covered_display": "0.00", "num_branches": 0, "num_partial_branches": 0, "covered_branches": 0, "missing_branches": 0, "percent_branches_covered": 100.0, "percent_branches_covered_display": "100.00"}, "missing_lines": [70], "excluded_lines": [], "start_line": 69, "executed_branches": [], "missing_branches": []}, "Publish.__init__": {"executed_lines": [75, 76, 77, 79, 80], "summary": {"covered_lines": 5, "num_statements": 7, "percent_covered": 71.42857142857143, "percent_covered_display": "71.43", "missing_lines": 2, "excluded_lines": 0, "percent_statements_covered": 71.42857142857143, "percent_statements_covered_display": "71.43", "num_branches": 0, "num_partial_branches": 0, "covered_branches": 0, "missing_branches": 0, "percent_branches_covered": 100.0, "percent_branches_covered_display": "100.00"}, "missing_lines": [81, 82], "excluded_lines": [], "start_line": 74, "executed_branches": [], "missing_branches": []}, "Publish.check_command": {"executed_lines": [], "summary": {"covered_lines": 0, "num_statements": 3, "percent_covered": 0.0, "percent_covered_display": "0.00", "missing_lines": 3, "excluded_lines": 0, "percent_statements_covered": 0.0, "percent_statements_covered_display": "0.00", "num_branches": 2, "num_partial_branches": 0, "covered_branches": 0, "missing_branches": 2, "percent_branches_covered": 0.0, "percent_branches_covered_display": "0.00"}, "missing_lines": [85, 86, 87], "excluded_lines": [], "start_line": 84, "executed_branches": [], "missing_branches": [[85, -84], [85, 86]]}, "Publish.publish": {"executed_lines": [109, 110, 112, 113, 115, 116, 117, 118, 119, 122, 123, 124, 125, 130, 131, 132, 135, 136, 137, 140, 141, 142], "summary": {"covered_lines": 22, "num_statements": 24, "percent_covered": 81.25, "percent_covered_display": "81.25", "missing_lines": 2, "excluded_lines": 0, "percent_statements_covered": 91.66666666666667, "percent_statements_covered_display": "91.67", "num_branches": 8, "num_partial_branches": 4, "covered_branches": 4, "missing_branches": 4, "percent_branches_covered": 50.0, "percent_branches_covered_display": "50.00"}, "missing_lines": [114, 127], "excluded_lines": [], "start_line": 90, "executed_branches": [[113, 115], [115, 116], [122, 123], [135, 136]], "missing_branches": [[113, 114], [115, 117], [122, 127], [135, 137]]}, "Publish.create_stac_collection": {"executed_lines": [145, 150, 154, 155, 158, 163, 164, 165, 167, 168, 169, 171, 172, 173, 174, 175, 184, 192, 193], "summary": {"covered_lines": 19, "num_statements": 22, "percent_covered": 75.0, "percent_covered_display": "75.00", "missing_lines": 3, "excluded_lines": 0, "percent_statements_covered": 86.36363636363636, "percent_statements_covered_display": "86.36", "num_branches": 10, "num_partial_branches": 5, "covered_branches": 5, "missing_branches": 5, "percent_branches_covered": 50.0, "percent_branches_covered_display": "50.00"}, "missing_lines": [151, 152, 159], "excluded_lines": [], "start_line": 144, "executed_branches": [[150, 154], [158, 163], [164, 165], [171, 172], [172, 173]], "missing_branches": [[150, 151], [158, 159], [164, 167], [171, 192], [172, 174]]}, "Publish.file_metadata": {"executed_lines": [197], "summary": {"covered_lines": 1, "num_statements": 1, "percent_covered": 100.0, "percent_covered_display": "100.00", "missing_lines": 0, "excluded_lines": 0, "percent_statements_covered": 100.0, "percent_statements_covered_display": "100.00", "num_branches": 0, "num_partial_branches": 0, "covered_branches": 0, "missing_branches": 0, "percent_branches_covered": 100.0, "percent_branches_covered_display": "100.00"}, "missing_lines": [], "excluded_lines": [], "start_line": 196, "executed_branches": [], "missing_branches": []}, "Publish.generate_pmtiles": {"executed_lines": [], "summary": {"covered_lines": 0, "num_statements": 19, "percent_covered": 0.0, "percent_covered_display": "0.00", "missing_lines": 19, "excluded_lines": 0, "percent_statements_covered": 0.0, "percent_statements_covered_display": "0.00", "num_branches": 6, "num_partial_branches": 0, "covered_branches": 0, "missing_branches": 6, "percent_branches_covered": 0.0, "percent_branches_covered_display": "0.00"}, "missing_lines": [203, 204, 207, 208, 209, 210, 212, 213, 214, 215, 228, 229, 230, 243, 244, 245, 246, 247, 248], "excluded_lines": [], "start_line": 202, "executed_branches": [], "missing_branches": [[203, 204], [203, 208], [208, 209], [208, 212], [245, 246], [245, 248]]}, "": {"executed_lines": [1, 2, 3, 4, 5, 6, 7, 9, 10, 11, 13, 14, 15, 16, 17, 19, 20, 21, 22, 24, 27, 39, 40, 41, 46, 47, 67, 68, 74, 84, 89, 90, 144, 195, 196, 202], "summary": {"covered_lines": 36, "num_statements": 36, "percent_covered": 100.0, "percent_covered_display": "100.00", "missing_lines": 0, "excluded_lines": 0, "percent_statements_covered": 100.0, "percent_statements_covered_display": "100.00", "num_branches": 0, "num_partial_branches": 0, "covered_branches": 0, "missing_branches": 0, "percent_branches_covered": 100.0, "percent_branches_covered_display": "100.00"}, "missing_lines": [], "excluded_lines": [], "start_line": 1, "executed_branches": [], "missing_branches": []}}, "classes": {"Publish": {"executed_lines": [75, 76, 77, 79, 80, 109, 110, 112, 113, 115, 116, 117, 118, 119, 122, 123, 124, 125, 130, 131, 132, 135, 136, 137, 140, 141, 142, 145, 150, 154, 155, 158, 163, 164, 165, 167, 168, 169, 171, 172, 173, 174, 175, 184, 192, 193, 197], "summary": {"covered_lines": 47, "num_statements": 80, "percent_covered": 52.83018867924528, "percent_covered_display": "52.83", "missing_lines": 33, "excluded_lines": 0, "percent_statements_covered": 58.75, "percent_statements_covered_display": "58.75", "num_branches": 26, "num_partial_branches": 9, "covered_branches": 9, "missing_branches": 17, "percent_branches_covered": 34.61538461538461, "percent_branches_covered_display": "34.62"}, "missing_lines": [48, 69, 70, 72, 81, 82, 85, 86, 87, 114, 127, 151, 152, 159, 203, 204, 207, 208, 209, 210, 212, 213, 214, 215, 228, 229, 230, 243, 244, 245, 246, 247, 248], "excluded_lines": [], "start_line": 39, "executed_branches": [[113, 115], [115, 116], [122, 123], [135, 136], [150, 154], [158, 163], [164, 165], [171, 172], [172, 173]], "missing_branches": [[85, -84], [85, 86], [113, 114], [115, 117], [122, 127], [135, 137], [150, 151], [158, 159], [164, 167], [171, 192], [172, 174], [203, 204], [203, 208], [208, 209], [208, 212], [245, 246], [245, 248]]}, "": {"executed_lines": [1, 2, 3, 4, 5, 6, 7, 9, 10, 11, 13, 14, 15, 16, 17, 19, 20, 21, 22, 24, 27, 32, 33, 34, 35, 36, 39, 40, 41, 46, 47, 67, 68, 74, 84, 89, 90, 144, 195, 196, 202], "summary": {"covered_lines": 41, "num_statements": 41, "percent_covered": 100.0, "percent_covered_display": "100.00", "missing_lines": 0, "excluded_lines": 0, "percent_statements_covered": 100.0, "percent_statements_covered_display": "100.00", "num_branches": 2, "num_partial_branches": 0, "covered_branches": 2, "missing_branches": 0, "percent_branches_covered": 100.0, "percent_branches_covered_display": "100.00"}, "missing_lines": [], "excluded_lines": [], "start_line": 1, "executed_branches": [[34, 35], [34, 36]], "missing_branches": []}}}, "fiboa_cli/registry.py": {"executed_lines": [1, 3, 5, 8, 9, 10, 11, 12, 13, 24, 25, 27, 28, 29, 30, 31, 32, 33, 34, 35, 36, 37, 38, 39, 40, 42, 58, 59, 61, 62, 63, 66], "summary": {"covered_lines": 32, "num_statements": 32, "percent_covered": 100.0, "percent_covered_display": "100.00", "missing_lines": 0, "excluded_lines": 0, "percent_statements_covered": 100.0, "percent_statements_covered_display": "100.00", "num_branches": 2, "num_partial_branches": 0, "covered_branches": 2, "missing_branches": 0, "percent_branches_covered": 100.0, "percent_branches_covered_display": "100.00"}, "missing_lines": [], "excluded_lines": [], "executed_branches": [[58, -27], [58, 59]], "missing_branches": [], "functions": {"FiboaRegistry.register_commands": {"executed_lines": [28, 29, 30, 31, 32, 33, 34, 35, 36, 37, 38, 39, 40, 42, 58, 59], "summary": {"covered_lines": 16, "num_statements": 16, "percent_covered": 100.0, "percent_covered_display": "100.00", "missing_lines": 0, "excluded_lines": 0, "percent_statements_covered": 100.0, "percent_statements_covered_display": "100.00", "num_branches": 2, "num_partial_branches": 0, "covered_branches": 2, "missing_branches": 0, "percent_branches_covered": 100.0, "percent_branches_covered_display": "100.00"}, "missing_lines": [], "excluded_lines": [], "start_line": 27, "executed_branches": [[58, -27], [58, 59]], "missing_branches": []}, "FiboaRegistry.get_default_collection": {"executed_lines": [62, 63], "summary": {"covered_lines": 2, "num_statements": 2, "percent_covered": 100.0, "percent_covered_display": "100.00", "missing_lines": 0, "excluded_lines": 0, "percent_statements_covered": 100.0, "percent_statements_covered_display": "100.00", "num_branches": 0, "num_partial_branches": 0, "covered_branches": 0, "missing_branches": 0, "percent_branches_covered": 100.0, "percent_branches_covered_display": "100.00"}, "missing_lines": [], "excluded_lines": [], "start_line": 61, "executed_branches": [], "missing_branches": []}, "": {"executed_lines": [1, 3, 5, 8, 9, 10, 11, 12, 13, 24, 25, 27, 61, 66], "summary": {"covered_lines": 14, "num_statements": 14, "percent_covered": 100.0, "percent_covered_display": "100.00", "missing_lines": 0, "excluded_lines": 0, "percent_statements_covered": 100.0, "percent_statements_covered_display": "100.00", "num_branches": 0, "num_partial_branches": 0, "covered_branches": 0, "missing_branches": 0, "percent_branches_covered": 100.0, "percent_branches_covered_display": "100.00"}, "missing_lines": [], "excluded_lines": [], "start_line": 1, "executed_branches": [], "missing_branches": []}}, "classes": {"FiboaRegistry": {"executed_lines": [28, 29, 30, 31, 32, 33, 34, 35, 36, 37, 38, 39, 40, 42, 58, 59, 62, 63], "summary": {"covered_lines": 18, "num_statements": 18, "percent_covered": 100.0, "percent_covered_display": "100.00", "missing_lines": 0, "excluded_lines": 0, "percent_statements_covered": 100.0, "percent_statements_covered_display": "100.00", "num_branches": 2, "num_partial_branches": 0, "covered_branches": 2, "missing_branches": 0, "percent_branches_covered": 100.0, "percent_branches_covered_display": "100.00"}, "missing_lines": [], "excluded_lines": [], "start_line": 8, "executed_branches": [[58, -27], [58, 59]], "missing_branches": []}, "": {"executed_lines": [1, 3, 5, 8, 9, 10, 11, 12, 13, 24, 25, 27, 61, 66], "summary": {"covered_lines": 14, "num_statements": 14, "percent_covered": 100.0, "percent_covered_display": "100.00", "missing_lines": 0, "excluded_lines": 0, "percent_statements_covered": 100.0, "percent_statements_covered_display": "100.00", "num_branches": 0, "num_partial_branches": 0, "covered_branches": 0, "missing_branches": 0, "percent_branches_covered": 100.0, "percent_branches_covered_display": "100.00"}, "missing_lines": [], "excluded_lines": [], "start_line": 1, "executed_branches": [], "missing_branches": []}}}, "fiboa_cli/rename_extension.py": {"executed_lines": [1, 4, 5, 6, 8, 9], "summary": {"covered_lines": 6, "num_statements": 9, "percent_covered": 66.66666666666667, "percent_covered_display": "66.67", "missing_lines": 3, "excluded_lines": 0, "percent_statements_covered": 66.66666666666667, "percent_statements_covered_display": "66.67", "num_branches": 0, "num_partial_branches": 0, "covered_branches": 0, "missing_branches": 0, "percent_branches_covered": 100.0, "percent_branches_covered_display": "100.00"}, "missing_lines": [10, 11, 13], "excluded_lines": [], "executed_branches": [], "missing_branches": [], "functions": {"RenameExtension.get_cli_callback": {"executed_lines": [], "summary": {"covered_lines": 0, "num_statements": 2, "percent_covered": 0.0, "percent_covered_display": "0.00", "missing_lines": 2, "excluded_lines": 0, "percent_statements_covered": 0.0, "percent_statements_covered_display": "0.00", "num_branches": 0, "num_partial_branches": 0, "covered_branches": 0, "missing_branches": 0, "percent_branches_covered": 100.0, "percent_branches_covered_display": "100.00"}, "missing_lines": [10, 13], "excluded_lines": [], "start_line": 9, "executed_branches": [], "missing_branches": []}, "RenameExtension.get_cli_callback.callback": {"executed_lines": [], "summary": {"covered_lines": 0, "num_statements": 1, "percent_covered": 0.0, "percent_covered_display": "0.00", "missing_lines": 1, "excluded_lines": 0, "percent_statements_covered": 0.0, "percent_statements_covered_display": "0.00", "num_branches": 0, "num_partial_branches": 0, "covered_branches": 0, "missing_branches": 0, "percent_branches_covered": 100.0, "percent_branches_covered_display": "100.00"}, "missing_lines": [11], "excluded_lines": [], "start_line": 10, "executed_branches": [], "missing_branches": []}, "": {"executed_lines": [1, 4, 5, 6, 8, 9], "summary": {"covered_lines": 6, "num_statements": 6, "percent_covered": 100.0, "percent_covered_display": "100.00", "missing_lines": 0, "excluded_lines": 0, "percent_statements_covered": 100.0, "percent_statements_covered_display": "100.00", "num_branches": 0, "num_partial_branches": 0, "covered_branches": 0, "missing_branches": 0, "percent_branches_covered": 100.0, "percent_branches_covered_display": "100.00"}, "missing_lines": [], "excluded_lines": [], "start_line": 1, "executed_branches": [], "missing_branches": []}}, "classes": {"RenameExtension": {"executed_lines": [], "summary": {"covered_lines": 0, "num_statements": 3, "percent_covered": 0.0, "percent_covered_display": "0.00", "missing_lines": 3, "excluded_lines": 0, "percent_statements_covered": 0.0, "percent_statements_covered_display": "0.00", "num_branches": 0, "num_partial_branches": 0, "covered_branches": 0, "missing_branches": 0, "percent_branches_covered": 100.0, "percent_branches_covered_display": "100.00"}, "missing_lines": [10, 11, 13], "excluded_lines": [], "start_line": 4, "executed_branches": [], "missing_branches": []}, "": {"executed_lines": [1, 4, 5, 6, 8, 9], "summary": {"covered_lines": 6, "num_statements": 6, "percent_covered": 100.0, "percent_covered_display": "100.00", "missing_lines": 0, "excluded_lines": 0, "percent_statements_covered": 100.0, "percent_statements_covered_display": "100.00", "num_branches": 0, "num_partial_branches": 0, "covered_branches": 0, "missing_branches": 0, "percent_branches_covered": 100.0, "percent_branches_covered_display": "100.00"}, "missing_lines": [], "excluded_lines": [], "start_line": 1, "executed_branches": [], "missing_branches": []}}}, "fiboa_cli/validate.py": {"executed_lines": [1, 4, 5], "summary": {"covered_lines": 3, "num_statements": 3, "percent_covered": 100.0, "percent_covered_display": "100.00", "missing_lines": 0, "excluded_lines": 0, "percent_statements_covered": 100.0, "percent_statements_covered_display": "100.00", "num_branches": 0, "num_partial_branches": 0, "covered_branches": 0, "missing_branches": 0, "percent_branches_covered": 100.0, "percent_branches_covered_display": "100.00"}, "missing_lines": [], "excluded_lines": [], "executed_branches": [], "missing_branches": [], "functions": {"": {"executed_lines": [1, 4, 5], "summary": {"covered_lines": 3, "num_statements": 3, "percent_covered": 100.0, "percent_covered_display": "100.00", "missing_lines": 0, "excluded_lines": 0, "percent_statements_covered": 100.0, "percent_statements_covered_display": "100.00", "num_branches": 0, "num_partial_branches": 0, "covered_branches": 0, "missing_branches": 0, "percent_branches_covered": 100.0, "percent_branches_covered_display": "100.00"}, "missing_lines": [], "excluded_lines": [], "start_line": 1, "executed_branches": [], "missing_branches": []}}, "classes": {"ValidateData": {"executed_lines": [], "summary": {"covered_lines": 0, "num_statements": 0, "percent_covered": 100.0, "percent_covered_display": "100.00", "missing_lines": 0, "excluded_lines": 0, "percent_statements_covered": 100.0, "percent_statements_covered_display": "100.00", "num_branches": 0, "num_partial_branches": 0, "covered_branches": 0, "missing_branches": 0, "percent_branches_covered": 100.0, "percent_branches_covered_display": "100.00"}, "missing_lines": [], "excluded_lines": [], "start_line": 4, "executed_branches": [], "missing_branches": []}, "": {"executed_lines": [1, 4, 5], "summary": {"covered_lines": 3, "num_statements": 3, "percent_covered": 100.0, "percent_covered_display": "100.00", "missing_lines": 0, "excluded_lines": 0, "percent_statements_covered": 100.0, "percent_statements_covered_display": "100.00", "num_branches": 0, "num_partial_branches": 0, "covered_branches": 0, "missing_branches": 0, "percent_branches_covered": 100.0, "percent_branches_covered_display": "100.00"}, "missing_lines": [], "excluded_lines": [], "start_line": 1, "executed_branches": [], "missing_branches": []}}}, "fiboa_cli/validate_schema.py": {"executed_lines": [1, 4, 5], "summary": {"covered_lines": 3, "num_statements": 3, "percent_covered": 100.0, "percent_covered_display": "100.00", "missing_lines": 0, "excluded_lines": 0, "percent_statements_covered": 100.0, "percent_statements_covered_display": "100.00", "num_branches": 0, "num_partial_branches": 0, "covered_branches": 0, "missing_branches": 0, "percent_branches_covered": 100.0, "percent_branches_covered_display": "100.00"}, "missing_lines": [], "excluded_lines": [], "executed_branches": [], "missing_branches": [], "functions": {"": {"executed_lines": [1, 4, 5], "summary": {"covered_lines": 3, "num_statements": 3, "percent_covered": 100.0, "percent_covered_display": "100.00", "missing_lines": 0, "excluded_lines": 0, "percent_statements_covered": 100.0, "percent_statements_covered_display": "100.00", "num_branches": 0, "num_partial_branches": 0, "covered_branches": 0, "missing_branches": 0, "percent_branches_covered": 100.0, "percent_branches_covered_display": "100.00"}, "missing_lines": [], "excluded_lines": [], "start_line": 1, "executed_branches": [], "missing_branches": []}}, "classes": {"ValidateSchema": {"executed_lines": [], "summary": {"covered_lines": 0, "num_statements": 0, "percent_covered": 100.0, "percent_covered_display": "100.00", "missing_lines": 0, "excluded_lines": 0, "percent_statements_covered": 100.0, "percent_statements_covered_display": "100.00", "num_branches": 0, "num_partial_branches": 0, "covered_branches": 0, "missing_branches": 0, "percent_branches_covered": 100.0, "percent_branches_covered_display": "100.00"}, "missing_lines": [], "excluded_lines": [], "start_line": 4, "executed_branches": [], "missing_branches": []}, "": {"executed_lines": [1, 4, 5], "summary": {"covered_lines": 3, "num_statements": 3, "percent_covered": 100.0, "percent_covered_display": "100.00", "missing_lines": 0, "excluded_lines": 0, "percent_statements_covered": 100.0, "percent_statements_covered_display": "100.00", "num_branches": 0, "num_partial_branches": 0, "covered_branches": 0, "missing_branches": 0, "percent_branches_covered": 100.0, "percent_branches_covered_display": "100.00"}, "missing_lines": [], "excluded_lines": [], "start_line": 1, "executed_branches": [], "missing_branches": []}}}}, "totals": {"covered_lines": 2107, "num_statements": 2468, "percent_covered": 81.46306818181819, "percent_covered_display": "81.46", "missing_lines": 361, "excluded_lines": 0, "percent_statements_covered": 85.37277147487845, "percent_statements_covered_display": "85.37", "num_branches": 348, "num_partial_branches": 79, "covered_branches": 187, "missing_branches": 161, "percent_branches_covered": 53.735632183908045, "percent_branches_covered_display": "53.74"}}